{"/home/fjbarrena/Projects/kyso/libs/kyso-store/src/api.ts": {"path":"/home/fjbarrena/Projects/kyso/libs/kyso-store/src/api.ts","statementMap":{"0":{"start":{"line":58,"column":0},"end":{"line":58,"column":80}},"1":{"start":{"line":59,"column":0},"end":{"line":59,"column":33}},"2":{"start":{"line":60,"column":0},"end":{"line":60,"column":28}},"3":{"start":{"line":62,"column":0},"end":{"line":62,"column":50}},"4":{"start":{"line":77,"column":4},"end":{"line":77,"column":37}},"5":{"start":{"line":79,"column":4},"end":{"line":85,"column":null}},"6":{"start":{"line":80,"column":6},"end":{"line":80,"column":37}},"7":{"start":{"line":81,"column":11},"end":{"line":85,"column":null}},"8":{"start":{"line":82,"column":6},"end":{"line":82,"column":48}},"9":{"start":{"line":84,"column":6},"end":{"line":84,"column":26}},"10":{"start":{"line":87,"column":4},"end":{"line":87,"column":63}},"11":{"start":{"line":71,"column":4},"end":{"line":71,"column":132}},"12":{"start":{"line":92,"column":4},"end":{"line":97,"column":7}},"13":{"start":{"line":99,"column":4},"end":{"line":99,"column":23}},"14":{"start":{"line":100,"column":4},"end":{"line":100,"column":45}},"15":{"start":{"line":101,"column":4},"end":{"line":101,"column":29}},"16":{"start":{"line":103,"column":4},"end":{"line":116,"column":7}},"17":{"start":{"line":104,"column":6},"end":{"line":104,"column":75}},"18":{"start":{"line":106,"column":6},"end":{"line":108,"column":null}},"19":{"start":{"line":107,"column":8},"end":{"line":107,"column":62}},"20":{"start":{"line":109,"column":6},"end":{"line":111,"column":null}},"21":{"start":{"line":110,"column":8},"end":{"line":110,"column":70}},"22":{"start":{"line":112,"column":6},"end":{"line":114,"column":null}},"23":{"start":{"line":113,"column":8},"end":{"line":113,"column":54}},"24":{"start":{"line":115,"column":6},"end":{"line":115,"column":20}},"25":{"start":{"line":120,"column":4},"end":{"line":120,"column":23}},"26":{"start":{"line":124,"column":4},"end":{"line":124,"column":45}},"27":{"start":{"line":128,"column":4},"end":{"line":128,"column":29}},"28":{"start":{"line":148,"column":14},"end":{"line":148,"column":31}},"29":{"start":{"line":149,"column":4},"end":{"line":151,"column":null}},"30":{"start":{"line":150,"column":6},"end":{"line":150,"column":80}},"31":{"start":{"line":152,"column":4},"end":{"line":154,"column":null}},"32":{"start":{"line":153,"column":6},"end":{"line":153,"column":92}},"33":{"start":{"line":155,"column":4},"end":{"line":157,"column":null}},"34":{"start":{"line":156,"column":6},"end":{"line":156,"column":40}},"35":{"start":{"line":158,"column":4},"end":{"line":160,"column":null}},"36":{"start":{"line":159,"column":6},"end":{"line":159,"column":50}},"37":{"start":{"line":161,"column":4},"end":{"line":163,"column":null}},"38":{"start":{"line":162,"column":6},"end":{"line":162,"column":34}},"39":{"start":{"line":164,"column":4},"end":{"line":166,"column":null}},"40":{"start":{"line":165,"column":6},"end":{"line":165,"column":38}},"41":{"start":{"line":167,"column":4},"end":{"line":169,"column":null}},"42":{"start":{"line":168,"column":6},"end":{"line":168,"column":43}},"43":{"start":{"line":170,"column":4},"end":{"line":172,"column":null}},"44":{"start":{"line":171,"column":6},"end":{"line":171,"column":38}},"45":{"start":{"line":173,"column":4},"end":{"line":175,"column":null}},"46":{"start":{"line":174,"column":6},"end":{"line":174,"column":34}},"47":{"start":{"line":176,"column":80},"end":{"line":176,"column":110}},"48":{"start":{"line":177,"column":4},"end":{"line":177,"column":30}},"49":{"start":{"line":193,"column":14},"end":{"line":193,"column":64}},"50":{"start":{"line":194,"column":4},"end":{"line":196,"column":null}},"51":{"start":{"line":195,"column":6},"end":{"line":195,"column":80}},"52":{"start":{"line":197,"column":4},"end":{"line":199,"column":null}},"53":{"start":{"line":198,"column":6},"end":{"line":198,"column":92}},"54":{"start":{"line":200,"column":4},"end":{"line":202,"column":null}},"55":{"start":{"line":201,"column":6},"end":{"line":201,"column":40}},"56":{"start":{"line":203,"column":4},"end":{"line":205,"column":null}},"57":{"start":{"line":204,"column":6},"end":{"line":204,"column":34}},"58":{"start":{"line":206,"column":4},"end":{"line":208,"column":null}},"59":{"start":{"line":207,"column":6},"end":{"line":207,"column":38}},"60":{"start":{"line":209,"column":4},"end":{"line":211,"column":null}},"61":{"start":{"line":210,"column":6},"end":{"line":210,"column":43}},"62":{"start":{"line":212,"column":4},"end":{"line":214,"column":null}},"63":{"start":{"line":213,"column":6},"end":{"line":213,"column":38}},"64":{"start":{"line":215,"column":4},"end":{"line":217,"column":null}},"65":{"start":{"line":216,"column":6},"end":{"line":216,"column":34}},"66":{"start":{"line":218,"column":80},"end":{"line":218,"column":110}},"67":{"start":{"line":219,"column":4},"end":{"line":219,"column":30}},"68":{"start":{"line":235,"column":14},"end":{"line":235,"column":81}},"69":{"start":{"line":236,"column":4},"end":{"line":238,"column":null}},"70":{"start":{"line":237,"column":6},"end":{"line":237,"column":80}},"71":{"start":{"line":239,"column":4},"end":{"line":241,"column":null}},"72":{"start":{"line":240,"column":6},"end":{"line":240,"column":92}},"73":{"start":{"line":242,"column":4},"end":{"line":244,"column":null}},"74":{"start":{"line":243,"column":6},"end":{"line":243,"column":40}},"75":{"start":{"line":245,"column":4},"end":{"line":247,"column":null}},"76":{"start":{"line":246,"column":6},"end":{"line":246,"column":38}},"77":{"start":{"line":248,"column":4},"end":{"line":250,"column":null}},"78":{"start":{"line":249,"column":6},"end":{"line":249,"column":43}},"79":{"start":{"line":251,"column":4},"end":{"line":253,"column":null}},"80":{"start":{"line":252,"column":6},"end":{"line":252,"column":38}},"81":{"start":{"line":254,"column":4},"end":{"line":256,"column":null}},"82":{"start":{"line":255,"column":6},"end":{"line":255,"column":34}},"83":{"start":{"line":257,"column":80},"end":{"line":257,"column":110}},"84":{"start":{"line":258,"column":4},"end":{"line":258,"column":30}},"85":{"start":{"line":264,"column":16},"end":{"line":264,"column":29}},"86":{"start":{"line":265,"column":72},"end":{"line":265,"column":110}},"87":{"start":{"line":266,"column":4},"end":{"line":266,"column":30}},"88":{"start":{"line":270,"column":16},"end":{"line":270,"column":30}},"89":{"start":{"line":271,"column":4},"end":{"line":271,"column":36}},"90":{"start":{"line":275,"column":16},"end":{"line":275,"column":31}},"91":{"start":{"line":276,"column":70},"end":{"line":276,"column":112}},"92":{"start":{"line":277,"column":4},"end":{"line":277,"column":30}},"93":{"start":{"line":281,"column":16},"end":{"line":281,"column":37}},"94":{"start":{"line":282,"column":72},"end":{"line":282,"column":103}},"95":{"start":{"line":283,"column":4},"end":{"line":283,"column":30}},"96":{"start":{"line":287,"column":16},"end":{"line":287,"column":64}},"97":{"start":{"line":288,"column":89},"end":{"line":288,"column":119}},"98":{"start":{"line":289,"column":4},"end":{"line":289,"column":30}},"99":{"start":{"line":293,"column":16},"end":{"line":293,"column":52}},"100":{"start":{"line":294,"column":82},"end":{"line":294,"column":112}},"101":{"start":{"line":295,"column":4},"end":{"line":295,"column":30}},"102":{"start":{"line":299,"column":16},"end":{"line":299,"column":31}},"103":{"start":{"line":300,"column":49},"end":{"line":300,"column":79}},"104":{"start":{"line":301,"column":4},"end":{"line":301,"column":30}},"105":{"start":{"line":305,"column":16},"end":{"line":305,"column":26}},"106":{"start":{"line":306,"column":49},"end":{"line":306,"column":79}},"107":{"start":{"line":307,"column":4},"end":{"line":307,"column":30}},"108":{"start":{"line":311,"column":16},"end":{"line":311,"column":36}},"109":{"start":{"line":312,"column":73},"end":{"line":312,"column":127}},"110":{"start":{"line":313,"column":4},"end":{"line":313,"column":30}},"111":{"start":{"line":317,"column":16},"end":{"line":317,"column":47}},"112":{"start":{"line":318,"column":73},"end":{"line":318,"column":104}},"113":{"start":{"line":319,"column":4},"end":{"line":319,"column":30}},"114":{"start":{"line":323,"column":16},"end":{"line":323,"column":54}},"115":{"start":{"line":324,"column":73},"end":{"line":324,"column":103}},"116":{"start":{"line":325,"column":4},"end":{"line":325,"column":30}},"117":{"start":{"line":331,"column":14},"end":{"line":331,"column":45}},"118":{"start":{"line":332,"column":4},"end":{"line":334,"column":null}},"119":{"start":{"line":333,"column":6},"end":{"line":333,"column":29}},"120":{"start":{"line":335,"column":75},"end":{"line":335,"column":105}},"121":{"start":{"line":336,"column":4},"end":{"line":336,"column":30}},"122":{"start":{"line":340,"column":14},"end":{"line":340,"column":56}},"123":{"start":{"line":341,"column":4},"end":{"line":343,"column":null}},"124":{"start":{"line":342,"column":6},"end":{"line":342,"column":29}},"125":{"start":{"line":344,"column":75},"end":{"line":344,"column":105}},"126":{"start":{"line":345,"column":4},"end":{"line":345,"column":30}},"127":{"start":{"line":349,"column":16},"end":{"line":349,"column":40}},"128":{"start":{"line":350,"column":73},"end":{"line":350,"column":103}},"129":{"start":{"line":351,"column":4},"end":{"line":351,"column":30}},"130":{"start":{"line":355,"column":16},"end":{"line":355,"column":27}},"131":{"start":{"line":356,"column":73},"end":{"line":356,"column":113}},"132":{"start":{"line":357,"column":4},"end":{"line":357,"column":30}},"133":{"start":{"line":361,"column":16},"end":{"line":361,"column":40}},"134":{"start":{"line":362,"column":73},"end":{"line":362,"column":114}},"135":{"start":{"line":363,"column":4},"end":{"line":363,"column":30}},"136":{"start":{"line":367,"column":16},"end":{"line":367,"column":40}},"137":{"start":{"line":368,"column":73},"end":{"line":368,"column":106}},"138":{"start":{"line":369,"column":4},"end":{"line":369,"column":30}},"139":{"start":{"line":375,"column":14},"end":{"line":375,"column":29}},"140":{"start":{"line":376,"column":4},"end":{"line":378,"column":null}},"141":{"start":{"line":377,"column":6},"end":{"line":377,"column":39}},"142":{"start":{"line":379,"column":4},"end":{"line":381,"column":null}},"143":{"start":{"line":380,"column":6},"end":{"line":380,"column":39}},"144":{"start":{"line":382,"column":4},"end":{"line":384,"column":null}},"145":{"start":{"line":383,"column":6},"end":{"line":383,"column":34}},"146":{"start":{"line":385,"column":4},"end":{"line":387,"column":null}},"147":{"start":{"line":386,"column":6},"end":{"line":386,"column":42}},"148":{"start":{"line":388,"column":4},"end":{"line":390,"column":null}},"149":{"start":{"line":389,"column":6},"end":{"line":389,"column":34}},"150":{"start":{"line":391,"column":4},"end":{"line":393,"column":null}},"151":{"start":{"line":392,"column":6},"end":{"line":392,"column":38}},"152":{"start":{"line":394,"column":78},"end":{"line":394,"column":108}},"153":{"start":{"line":395,"column":4},"end":{"line":395,"column":30}},"154":{"start":{"line":399,"column":16},"end":{"line":399,"column":46}},"155":{"start":{"line":400,"column":76},"end":{"line":400,"column":106}},"156":{"start":{"line":401,"column":4},"end":{"line":401,"column":30}},"157":{"start":{"line":405,"column":16},"end":{"line":405,"column":30}},"158":{"start":{"line":406,"column":76},"end":{"line":406,"column":135}},"159":{"start":{"line":407,"column":4},"end":{"line":407,"column":30}},"160":{"start":{"line":411,"column":16},"end":{"line":411,"column":46}},"161":{"start":{"line":412,"column":76},"end":{"line":412,"column":136}},"162":{"start":{"line":413,"column":4},"end":{"line":413,"column":30}},"163":{"start":{"line":417,"column":16},"end":{"line":417,"column":46}},"164":{"start":{"line":418,"column":76},"end":{"line":418,"column":109}},"165":{"start":{"line":419,"column":4},"end":{"line":419,"column":30}},"166":{"start":{"line":425,"column":16},"end":{"line":425,"column":27}},"167":{"start":{"line":426,"column":73},"end":{"line":426,"column":117}},"168":{"start":{"line":427,"column":4},"end":{"line":427,"column":30}},"169":{"start":{"line":442,"column":14},"end":{"line":442,"column":79}},"170":{"start":{"line":443,"column":4},"end":{"line":445,"column":null}},"171":{"start":{"line":444,"column":6},"end":{"line":444,"column":40}},"172":{"start":{"line":446,"column":4},"end":{"line":448,"column":null}},"173":{"start":{"line":447,"column":6},"end":{"line":447,"column":57}},"174":{"start":{"line":449,"column":4},"end":{"line":451,"column":null}},"175":{"start":{"line":450,"column":6},"end":{"line":450,"column":59}},"176":{"start":{"line":452,"column":4},"end":{"line":454,"column":null}},"177":{"start":{"line":453,"column":6},"end":{"line":453,"column":57}},"178":{"start":{"line":455,"column":4},"end":{"line":457,"column":null}},"179":{"start":{"line":456,"column":6},"end":{"line":456,"column":61}},"180":{"start":{"line":458,"column":83},"end":{"line":458,"column":113}},"181":{"start":{"line":459,"column":4},"end":{"line":459,"column":30}},"182":{"start":{"line":465,"column":16},"end":{"line":465,"column":46}},"183":{"start":{"line":466,"column":84},"end":{"line":466,"column":114}},"184":{"start":{"line":467,"column":4},"end":{"line":467,"column":30}},"185":{"start":{"line":471,"column":16},"end":{"line":471,"column":34}},"186":{"start":{"line":472,"column":82},"end":{"line":472,"column":137}},"187":{"start":{"line":473,"column":4},"end":{"line":473,"column":30}},"188":{"start":{"line":477,"column":16},"end":{"line":477,"column":53}},"189":{"start":{"line":478,"column":82},"end":{"line":478,"column":138}},"190":{"start":{"line":479,"column":4},"end":{"line":479,"column":30}},"191":{"start":{"line":483,"column":16},"end":{"line":483,"column":53}},"192":{"start":{"line":484,"column":82},"end":{"line":484,"column":115}},"193":{"start":{"line":485,"column":4},"end":{"line":485,"column":30}},"194":{"start":{"line":491,"column":15},"end":{"line":495,"column":null}},"195":{"start":{"line":497,"column":16},"end":{"line":497,"column":47}},"196":{"start":{"line":498,"column":78},"end":{"line":498,"column":108}},"197":{"start":{"line":499,"column":4},"end":{"line":499,"column":30}},"198":{"start":{"line":503,"column":16},"end":{"line":503,"column":46}},"199":{"start":{"line":504,"column":76},"end":{"line":504,"column":106}},"200":{"start":{"line":505,"column":4},"end":{"line":505,"column":30}},"201":{"start":{"line":509,"column":16},"end":{"line":509,"column":30}},"202":{"start":{"line":510,"column":76},"end":{"line":510,"column":128}},"203":{"start":{"line":511,"column":4},"end":{"line":511,"column":30}},"204":{"start":{"line":515,"column":16},"end":{"line":515,"column":64}},"205":{"start":{"line":516,"column":76},"end":{"line":516,"column":108}},"206":{"start":{"line":517,"column":4},"end":{"line":517,"column":30}},"207":{"start":{"line":521,"column":16},"end":{"line":521,"column":64}},"208":{"start":{"line":522,"column":76},"end":{"line":522,"column":108}},"209":{"start":{"line":523,"column":4},"end":{"line":523,"column":30}},"210":{"start":{"line":527,"column":16},"end":{"line":527,"column":46}},"211":{"start":{"line":528,"column":76},"end":{"line":528,"column":109}},"212":{"start":{"line":529,"column":4},"end":{"line":529,"column":30}},"213":{"start":{"line":535,"column":15},"end":{"line":539,"column":null}},"214":{"start":{"line":541,"column":16},"end":{"line":541,"column":49}},"215":{"start":{"line":542,"column":80},"end":{"line":542,"column":110}},"216":{"start":{"line":543,"column":4},"end":{"line":543,"column":30}},"217":{"start":{"line":547,"column":16},"end":{"line":547,"column":50}},"218":{"start":{"line":548,"column":78},"end":{"line":548,"column":108}},"219":{"start":{"line":549,"column":4},"end":{"line":549,"column":30}},"220":{"start":{"line":553,"column":16},"end":{"line":553,"column":57}},"221":{"start":{"line":554,"column":78},"end":{"line":554,"column":108}},"222":{"start":{"line":555,"column":4},"end":{"line":555,"column":30}},"223":{"start":{"line":559,"column":16},"end":{"line":559,"column":50}},"224":{"start":{"line":560,"column":78},"end":{"line":560,"column":111}},"225":{"start":{"line":561,"column":4},"end":{"line":561,"column":30}},"226":{"start":{"line":565,"column":16},"end":{"line":565,"column":50}},"227":{"start":{"line":566,"column":78},"end":{"line":566,"column":133}},"228":{"start":{"line":567,"column":4},"end":{"line":567,"column":30}},"229":{"start":{"line":571,"column":16},"end":{"line":571,"column":58}},"230":{"start":{"line":572,"column":78},"end":{"line":572,"column":131}},"231":{"start":{"line":573,"column":4},"end":{"line":573,"column":30}},"232":{"start":{"line":577,"column":16},"end":{"line":577,"column":58}},"233":{"start":{"line":578,"column":86},"end":{"line":578,"column":116}},"234":{"start":{"line":579,"column":4},"end":{"line":579,"column":30}},"235":{"start":{"line":583,"column":16},"end":{"line":583,"column":32}},"236":{"start":{"line":584,"column":78},"end":{"line":584,"column":123}},"237":{"start":{"line":585,"column":4},"end":{"line":585,"column":30}},"238":{"start":{"line":589,"column":16},"end":{"line":589,"column":40}},"239":{"start":{"line":590,"column":86},"end":{"line":590,"column":141}},"240":{"start":{"line":591,"column":4},"end":{"line":591,"column":30}},"241":{"start":{"line":595,"column":16},"end":{"line":595,"column":75}},"242":{"start":{"line":596,"column":73},"end":{"line":596,"column":104}},"243":{"start":{"line":597,"column":4},"end":{"line":597,"column":30}},"244":{"start":{"line":601,"column":16},"end":{"line":601,"column":68}},"245":{"start":{"line":602,"column":86},"end":{"line":602,"column":119}},"246":{"start":{"line":603,"column":4},"end":{"line":603,"column":30}},"247":{"start":{"line":607,"column":16},"end":{"line":607,"column":64}},"248":{"start":{"line":608,"column":86},"end":{"line":608,"column":147}},"249":{"start":{"line":609,"column":4},"end":{"line":609,"column":30}},"250":{"start":{"line":613,"column":16},"end":{"line":613,"column":76}},"251":{"start":{"line":614,"column":86},"end":{"line":614,"column":119}},"252":{"start":{"line":615,"column":4},"end":{"line":615,"column":30}},"253":{"start":{"line":619,"column":16},"end":{"line":619,"column":66}},"254":{"start":{"line":620,"column":21},"end":{"line":620,"column":35}},"255":{"start":{"line":621,"column":4},"end":{"line":621,"column":34}},"256":{"start":{"line":622,"column":78},"end":{"line":622,"column":119}},"257":{"start":{"line":623,"column":4},"end":{"line":623,"column":30}},"258":{"start":{"line":627,"column":14},"end":{"line":627,"column":35}},"259":{"start":{"line":628,"column":4},"end":{"line":630,"column":null}},"260":{"start":{"line":629,"column":6},"end":{"line":629,"column":49}},"261":{"start":{"line":631,"column":87},"end":{"line":631,"column":117}},"262":{"start":{"line":632,"column":4},"end":{"line":632,"column":30}},"263":{"start":{"line":636,"column":16},"end":{"line":636,"column":101}},"264":{"start":{"line":637,"column":97},"end":{"line":637,"column":127}},"265":{"start":{"line":638,"column":4},"end":{"line":638,"column":30}},"266":{"start":{"line":644,"column":16},"end":{"line":644,"column":38}},"267":{"start":{"line":645,"column":75},"end":{"line":645,"column":105}},"268":{"start":{"line":646,"column":4},"end":{"line":646,"column":30}},"269":{"start":{"line":650,"column":15},"end":{"line":654,"column":null}},"270":{"start":{"line":656,"column":16},"end":{"line":656,"column":43}},"271":{"start":{"line":657,"column":77},"end":{"line":657,"column":107}},"272":{"start":{"line":658,"column":4},"end":{"line":658,"column":30}},"273":{"start":{"line":662,"column":16},"end":{"line":662,"column":52}},"274":{"start":{"line":663,"column":75},"end":{"line":663,"column":105}},"275":{"start":{"line":664,"column":4},"end":{"line":664,"column":30}},"276":{"start":{"line":668,"column":16},"end":{"line":668,"column":38}},"277":{"start":{"line":669,"column":75},"end":{"line":669,"column":131}},"278":{"start":{"line":670,"column":4},"end":{"line":670,"column":30}},"279":{"start":{"line":674,"column":16},"end":{"line":674,"column":47}},"280":{"start":{"line":675,"column":80},"end":{"line":675,"column":110}},"281":{"start":{"line":676,"column":4},"end":{"line":676,"column":30}},"282":{"start":{"line":680,"column":14},"end":{"line":680,"column":68}},"283":{"start":{"line":681,"column":4},"end":{"line":683,"column":null}},"284":{"start":{"line":682,"column":6},"end":{"line":682,"column":45}},"285":{"start":{"line":684,"column":99},"end":{"line":684,"column":129}},"286":{"start":{"line":685,"column":4},"end":{"line":685,"column":30}},"287":{"start":{"line":689,"column":16},"end":{"line":689,"column":38}},"288":{"start":{"line":690,"column":72},"end":{"line":690,"column":105}},"289":{"start":{"line":691,"column":4},"end":{"line":691,"column":30}},"290":{"start":{"line":695,"column":16},"end":{"line":695,"column":41}},"291":{"start":{"line":696,"column":49},"end":{"line":696,"column":87}},"292":{"start":{"line":697,"column":4},"end":{"line":697,"column":30}},"293":{"start":{"line":701,"column":16},"end":{"line":701,"column":47}},"294":{"start":{"line":702,"column":75},"end":{"line":702,"column":107}},"295":{"start":{"line":703,"column":4},"end":{"line":703,"column":30}},"296":{"start":{"line":707,"column":16},"end":{"line":707,"column":42}},"297":{"start":{"line":708,"column":75},"end":{"line":708,"column":107}},"298":{"start":{"line":709,"column":4},"end":{"line":709,"column":30}},"299":{"start":{"line":713,"column":16},"end":{"line":713,"column":48}},"300":{"start":{"line":714,"column":75},"end":{"line":714,"column":107}},"301":{"start":{"line":715,"column":4},"end":{"line":715,"column":30}},"302":{"start":{"line":719,"column":16},"end":{"line":719,"column":31}},"303":{"start":{"line":720,"column":4},"end":{"line":720,"column":84}},"304":{"start":{"line":722,"column":75},"end":{"line":727,"column":6}},"305":{"start":{"line":728,"column":4},"end":{"line":728,"column":30}},"306":{"start":{"line":732,"column":16},"end":{"line":732,"column":29}},"307":{"start":{"line":733,"column":75},"end":{"line":737,"column":6}},"308":{"start":{"line":738,"column":4},"end":{"line":738,"column":30}},"309":{"start":{"line":742,"column":16},"end":{"line":742,"column":50}},"310":{"start":{"line":743,"column":75},"end":{"line":747,"column":6}},"311":{"start":{"line":748,"column":4},"end":{"line":748,"column":30}},"312":{"start":{"line":752,"column":14},"end":{"line":752,"column":49}},"313":{"start":{"line":753,"column":4},"end":{"line":755,"column":null}},"314":{"start":{"line":754,"column":6},"end":{"line":754,"column":38}},"315":{"start":{"line":756,"column":75},"end":{"line":756,"column":106}},"316":{"start":{"line":757,"column":4},"end":{"line":757,"column":30}},"317":{"start":{"line":761,"column":14},"end":{"line":761,"column":52}},"318":{"start":{"line":762,"column":4},"end":{"line":764,"column":null}},"319":{"start":{"line":763,"column":6},"end":{"line":763,"column":38}},"320":{"start":{"line":765,"column":75},"end":{"line":765,"column":106}},"321":{"start":{"line":766,"column":4},"end":{"line":766,"column":30}},"322":{"start":{"line":770,"column":14},"end":{"line":770,"column":49}},"323":{"start":{"line":771,"column":4},"end":{"line":773,"column":null}},"324":{"start":{"line":772,"column":6},"end":{"line":772,"column":38}},"325":{"start":{"line":774,"column":75},"end":{"line":774,"column":106}},"326":{"start":{"line":775,"column":4},"end":{"line":775,"column":30}},"327":{"start":{"line":779,"column":14},"end":{"line":779,"column":55}},"328":{"start":{"line":780,"column":4},"end":{"line":782,"column":null}},"329":{"start":{"line":781,"column":6},"end":{"line":781,"column":40}},"330":{"start":{"line":783,"column":49},"end":{"line":783,"column":112}},"331":{"start":{"line":784,"column":4},"end":{"line":784,"column":30}},"332":{"start":{"line":788,"column":16},"end":{"line":788,"column":47}},"333":{"start":{"line":789,"column":49},"end":{"line":789,"column":112}},"334":{"start":{"line":790,"column":4},"end":{"line":790,"column":30}},"335":{"start":{"line":794,"column":16},"end":{"line":794,"column":54}},"336":{"start":{"line":795,"column":21},"end":{"line":795,"column":35}},"337":{"start":{"line":796,"column":4},"end":{"line":796,"column":34}},"338":{"start":{"line":797,"column":75},"end":{"line":802,"column":6}},"339":{"start":{"line":803,"column":4},"end":{"line":803,"column":30}},"340":{"start":{"line":807,"column":16},"end":{"line":807,"column":54}},"341":{"start":{"line":808,"column":75},"end":{"line":808,"column":108}},"342":{"start":{"line":809,"column":4},"end":{"line":809,"column":30}},"343":{"start":{"line":813,"column":14},"end":{"line":813,"column":42}},"344":{"start":{"line":814,"column":4},"end":{"line":816,"column":null}},"345":{"start":{"line":815,"column":6},"end":{"line":815,"column":40}},"346":{"start":{"line":817,"column":76},"end":{"line":817,"column":106}},"347":{"start":{"line":818,"column":4},"end":{"line":818,"column":30}},"348":{"start":{"line":822,"column":15},"end":{"line":824,"column":6}},"349":{"start":{"line":825,"column":16},"end":{"line":825,"column":64}},"350":{"start":{"line":826,"column":124},"end":{"line":826,"column":154}},"351":{"start":{"line":827,"column":4},"end":{"line":827,"column":30}},"352":{"start":{"line":831,"column":16},"end":{"line":831,"column":81}},"353":{"start":{"line":832,"column":75},"end":{"line":832,"column":105}},"354":{"start":{"line":833,"column":4},"end":{"line":833,"column":30}},"355":{"start":{"line":837,"column":16},"end":{"line":837,"column":57}},"356":{"start":{"line":838,"column":50},"end":{"line":838,"column":80}},"357":{"start":{"line":839,"column":4},"end":{"line":839,"column":30}},"358":{"start":{"line":845,"column":14},"end":{"line":845,"column":83}},"359":{"start":{"line":846,"column":4},"end":{"line":848,"column":null}},"360":{"start":{"line":847,"column":6},"end":{"line":847,"column":37}},"361":{"start":{"line":849,"column":71},"end":{"line":849,"column":101}},"362":{"start":{"line":850,"column":4},"end":{"line":850,"column":30}},"363":{"start":{"line":854,"column":16},"end":{"line":854,"column":41}},"364":{"start":{"line":855,"column":71},"end":{"line":855,"column":101}},"365":{"start":{"line":856,"column":4},"end":{"line":856,"column":30}},"366":{"start":{"line":860,"column":16},"end":{"line":860,"column":54}},"367":{"start":{"line":861,"column":69},"end":{"line":861,"column":99}},"368":{"start":{"line":862,"column":4},"end":{"line":862,"column":30}},"369":{"start":{"line":866,"column":16},"end":{"line":866,"column":69}},"370":{"start":{"line":867,"column":82},"end":{"line":867,"column":112}},"371":{"start":{"line":868,"column":4},"end":{"line":868,"column":30}},"372":{"start":{"line":872,"column":16},"end":{"line":872,"column":56}},"373":{"start":{"line":873,"column":69},"end":{"line":873,"column":99}},"374":{"start":{"line":874,"column":4},"end":{"line":874,"column":30}},"375":{"start":{"line":878,"column":16},"end":{"line":878,"column":63}},"376":{"start":{"line":879,"column":79},"end":{"line":879,"column":109}},"377":{"start":{"line":880,"column":4},"end":{"line":880,"column":30}},"378":{"start":{"line":886,"column":16},"end":{"line":886,"column":39}},"379":{"start":{"line":887,"column":72},"end":{"line":887,"column":102}},"380":{"start":{"line":888,"column":4},"end":{"line":888,"column":30}},"381":{"start":{"line":892,"column":16},"end":{"line":892,"column":39}},"382":{"start":{"line":893,"column":79},"end":{"line":893,"column":109}},"383":{"start":{"line":894,"column":4},"end":{"line":894,"column":30}},"384":{"start":{"line":900,"column":15},"end":{"line":904,"column":null}},"385":{"start":{"line":906,"column":16},"end":{"line":906,"column":40}},"386":{"start":{"line":907,"column":71},"end":{"line":907,"column":101}},"387":{"start":{"line":908,"column":4},"end":{"line":908,"column":30}},"388":{"start":{"line":912,"column":16},"end":{"line":912,"column":23}},"389":{"start":{"line":913,"column":69},"end":{"line":913,"column":105}},"390":{"start":{"line":914,"column":4},"end":{"line":914,"column":30}},"391":{"start":{"line":918,"column":16},"end":{"line":918,"column":32}},"392":{"start":{"line":919,"column":69},"end":{"line":919,"column":99}},"393":{"start":{"line":920,"column":4},"end":{"line":920,"column":30}},"394":{"start":{"line":924,"column":16},"end":{"line":924,"column":37}},"395":{"start":{"line":925,"column":73},"end":{"line":925,"column":103}},"396":{"start":{"line":926,"column":4},"end":{"line":926,"column":30}},"397":{"start":{"line":930,"column":16},"end":{"line":930,"column":32}},"398":{"start":{"line":931,"column":69},"end":{"line":931,"column":106}},"399":{"start":{"line":932,"column":4},"end":{"line":932,"column":30}},"400":{"start":{"line":936,"column":16},"end":{"line":936,"column":32}},"401":{"start":{"line":937,"column":69},"end":{"line":937,"column":102}},"402":{"start":{"line":938,"column":4},"end":{"line":938,"column":30}},"403":{"start":{"line":942,"column":16},"end":{"line":942,"column":65}},"404":{"start":{"line":943,"column":75},"end":{"line":943,"column":106}},"405":{"start":{"line":944,"column":4},"end":{"line":944,"column":30}},"406":{"start":{"line":948,"column":16},"end":{"line":948,"column":53}},"407":{"start":{"line":949,"column":75},"end":{"line":949,"column":108}},"408":{"start":{"line":950,"column":4},"end":{"line":950,"column":30}},"409":{"start":{"line":956,"column":15},"end":{"line":960,"column":null}},"410":{"start":{"line":962,"column":16},"end":{"line":962,"column":41}},"411":{"start":{"line":963,"column":72},"end":{"line":963,"column":102}},"412":{"start":{"line":964,"column":4},"end":{"line":964,"column":30}},"413":{"start":{"line":968,"column":16},"end":{"line":968,"column":34}},"414":{"start":{"line":969,"column":70},"end":{"line":969,"column":100}},"415":{"start":{"line":970,"column":4},"end":{"line":970,"column":30}},"416":{"start":{"line":974,"column":16},"end":{"line":974,"column":24}},"417":{"start":{"line":975,"column":70},"end":{"line":975,"column":107}},"418":{"start":{"line":976,"column":4},"end":{"line":976,"column":30}},"419":{"start":{"line":980,"column":16},"end":{"line":980,"column":34}},"420":{"start":{"line":981,"column":70},"end":{"line":981,"column":103}},"421":{"start":{"line":982,"column":4},"end":{"line":982,"column":30}},"422":{"start":{"line":986,"column":16},"end":{"line":986,"column":42}},"423":{"start":{"line":987,"column":78},"end":{"line":987,"column":108}},"424":{"start":{"line":988,"column":4},"end":{"line":988,"column":30}},"425":{"start":{"line":992,"column":16},"end":{"line":992,"column":42}},"426":{"start":{"line":993,"column":78},"end":{"line":993,"column":108}},"427":{"start":{"line":994,"column":4},"end":{"line":994,"column":30}},"428":{"start":{"line":998,"column":16},"end":{"line":998,"column":44}},"429":{"start":{"line":999,"column":78},"end":{"line":999,"column":108}},"430":{"start":{"line":1000,"column":4},"end":{"line":1000,"column":30}},"431":{"start":{"line":1004,"column":16},"end":{"line":1004,"column":52}},"432":{"start":{"line":1005,"column":73},"end":{"line":1005,"column":103}},"433":{"start":{"line":1006,"column":4},"end":{"line":1006,"column":30}},"434":{"start":{"line":1010,"column":16},"end":{"line":1010,"column":52}},"435":{"start":{"line":1011,"column":78},"end":{"line":1011,"column":110}},"436":{"start":{"line":1012,"column":4},"end":{"line":1012,"column":30}},"437":{"start":{"line":1016,"column":16},"end":{"line":1016,"column":52}},"438":{"start":{"line":1017,"column":78},"end":{"line":1017,"column":111}},"439":{"start":{"line":1018,"column":4},"end":{"line":1018,"column":30}},"440":{"start":{"line":1022,"column":16},"end":{"line":1022,"column":34}},"441":{"start":{"line":1023,"column":70},"end":{"line":1023,"column":121}},"442":{"start":{"line":1024,"column":4},"end":{"line":1024,"column":30}},"443":{"start":{"line":1028,"column":16},"end":{"line":1028,"column":65}},"444":{"start":{"line":1029,"column":73},"end":{"line":1029,"column":103}},"445":{"start":{"line":1030,"column":4},"end":{"line":1030,"column":30}},"446":{"start":{"line":1034,"column":16},"end":{"line":1034,"column":42}},"447":{"start":{"line":1035,"column":74},"end":{"line":1035,"column":104}},"448":{"start":{"line":1036,"column":4},"end":{"line":1036,"column":30}},"449":{"start":{"line":1040,"column":16},"end":{"line":1040,"column":48}},"450":{"start":{"line":1041,"column":78},"end":{"line":1041,"column":132}},"451":{"start":{"line":1042,"column":4},"end":{"line":1042,"column":30}},"452":{"start":{"line":1046,"column":16},"end":{"line":1046,"column":66}},"453":{"start":{"line":1047,"column":78},"end":{"line":1047,"column":111}},"454":{"start":{"line":1048,"column":4},"end":{"line":1048,"column":30}},"455":{"start":{"line":1052,"column":16},"end":{"line":1052,"column":50}},"456":{"start":{"line":1053,"column":70},"end":{"line":1053,"column":107}},"457":{"start":{"line":1054,"column":4},"end":{"line":1054,"column":30}},"458":{"start":{"line":1058,"column":16},"end":{"line":1058,"column":50}},"459":{"start":{"line":1059,"column":70},"end":{"line":1059,"column":103}},"460":{"start":{"line":1060,"column":4},"end":{"line":1060,"column":30}},"461":{"start":{"line":1064,"column":16},"end":{"line":1064,"column":56}},"462":{"start":{"line":1065,"column":72},"end":{"line":1065,"column":109}},"463":{"start":{"line":1066,"column":4},"end":{"line":1066,"column":30}},"464":{"start":{"line":1070,"column":14},"end":{"line":1070,"column":27}},"465":{"start":{"line":1071,"column":4},"end":{"line":1073,"column":null}},"466":{"start":{"line":1072,"column":6},"end":{"line":1072,"column":38}},"467":{"start":{"line":1074,"column":79},"end":{"line":1074,"column":109}},"468":{"start":{"line":1075,"column":4},"end":{"line":1075,"column":30}},"469":{"start":{"line":1081,"column":4},"end":{"line":1083,"column":null}},"470":{"start":{"line":1082,"column":6},"end":{"line":1082,"column":20}},"471":{"start":{"line":1084,"column":4},"end":{"line":1086,"column":null}},"472":{"start":{"line":1085,"column":6},"end":{"line":1085,"column":25}},"473":{"start":{"line":1087,"column":4},"end":{"line":1089,"column":null}},"474":{"start":{"line":1088,"column":6},"end":{"line":1088,"column":31}},"475":{"start":{"line":1090,"column":29},"end":{"line":1090,"column":31}},"476":{"start":{"line":1091,"column":4},"end":{"line":1093,"column":null}},"477":{"start":{"line":1092,"column":6},"end":{"line":1092,"column":106}},"478":{"start":{"line":1092,"column":49},"end":{"line":1092,"column":62}},"479":{"start":{"line":1092,"column":87},"end":{"line":1092,"column":104}},"480":{"start":{"line":1094,"column":14},"end":{"line":1094,"column":105}},"481":{"start":{"line":1095,"column":4},"end":{"line":1097,"column":null}},"482":{"start":{"line":1096,"column":6},"end":{"line":1096,"column":38}},"483":{"start":{"line":1098,"column":75},"end":{"line":1098,"column":105}},"484":{"start":{"line":1099,"column":4},"end":{"line":1099,"column":30}},"485":{"start":{"line":1103,"column":16},"end":{"line":1103,"column":34}},"486":{"start":{"line":1104,"column":73},"end":{"line":1104,"column":103}},"487":{"start":{"line":1105,"column":4},"end":{"line":1105,"column":30}},"488":{"start":{"line":1109,"column":16},"end":{"line":1109,"column":44}},"489":{"start":{"line":1110,"column":73},"end":{"line":1110,"column":103}},"490":{"start":{"line":1111,"column":4},"end":{"line":1111,"column":30}},"491":{"start":{"line":1115,"column":16},"end":{"line":1115,"column":46}},"492":{"start":{"line":1116,"column":73},"end":{"line":1116,"column":103}},"493":{"start":{"line":1117,"column":4},"end":{"line":1117,"column":30}},"494":{"start":{"line":1121,"column":16},"end":{"line":1121,"column":34}},"495":{"start":{"line":1122,"column":73},"end":{"line":1122,"column":127}},"496":{"start":{"line":1123,"column":4},"end":{"line":1123,"column":30}},"497":{"start":{"line":1127,"column":16},"end":{"line":1127,"column":34}},"498":{"start":{"line":1128,"column":73},"end":{"line":1128,"column":106}},"499":{"start":{"line":1129,"column":4},"end":{"line":1129,"column":30}},"500":{"start":{"line":1133,"column":16},"end":{"line":1133,"column":33}},"501":{"start":{"line":1134,"column":73},"end":{"line":1134,"column":117}},"502":{"start":{"line":1135,"column":4},"end":{"line":1135,"column":30}},"503":{"start":{"line":1139,"column":16},"end":{"line":1139,"column":58}},"504":{"start":{"line":1140,"column":73},"end":{"line":1140,"column":106}},"505":{"start":{"line":1141,"column":4},"end":{"line":1141,"column":30}},"506":{"start":{"line":1145,"column":16},"end":{"line":1145,"column":40}},"507":{"start":{"line":1146,"column":21},"end":{"line":1146,"column":35}},"508":{"start":{"line":1147,"column":4},"end":{"line":1147,"column":34}},"509":{"start":{"line":1148,"column":73},"end":{"line":1148,"column":114}},"510":{"start":{"line":1149,"column":4},"end":{"line":1149,"column":30}},"511":{"start":{"line":1153,"column":16},"end":{"line":1153,"column":23}},"512":{"start":{"line":1154,"column":73},"end":{"line":1154,"column":103}},"513":{"start":{"line":1155,"column":4},"end":{"line":1155,"column":30}},"514":{"start":{"line":1159,"column":16},"end":{"line":1159,"column":38}},"515":{"start":{"line":1160,"column":87},"end":{"line":1160,"column":117}},"516":{"start":{"line":1161,"column":4},"end":{"line":1161,"column":30}},"517":{"start":{"line":1165,"column":16},"end":{"line":1165,"column":37}},"518":{"start":{"line":1166,"column":85},"end":{"line":1166,"column":142}},"519":{"start":{"line":1167,"column":4},"end":{"line":1167,"column":30}},"520":{"start":{"line":1171,"column":16},"end":{"line":1171,"column":48}},"521":{"start":{"line":1172,"column":87},"end":{"line":1172,"column":119}},"522":{"start":{"line":1173,"column":4},"end":{"line":1173,"column":30}},"523":{"start":{"line":1177,"column":16},"end":{"line":1177,"column":54}},"524":{"start":{"line":1178,"column":85},"end":{"line":1178,"column":118}},"525":{"start":{"line":1179,"column":4},"end":{"line":1179,"column":30}},"526":{"start":{"line":1183,"column":16},"end":{"line":1183,"column":39}},"527":{"start":{"line":1184,"column":73},"end":{"line":1184,"column":115}},"528":{"start":{"line":1185,"column":4},"end":{"line":1185,"column":30}},"529":{"start":{"line":1189,"column":16},"end":{"line":1189,"column":48}},"530":{"start":{"line":1190,"column":73},"end":{"line":1190,"column":132}},"531":{"start":{"line":1191,"column":4},"end":{"line":1191,"column":30}},"532":{"start":{"line":1195,"column":16},"end":{"line":1195,"column":40}},"533":{"start":{"line":1196,"column":73},"end":{"line":1196,"column":127}},"534":{"start":{"line":1197,"column":4},"end":{"line":1197,"column":30}},"535":{"start":{"line":64,"column":0},"end":{"line":64,"column":13}}},"fnMap":{"0":{"name":"(anonymous_8)","decl":{"start":{"line":74,"column":2},"end":{"line":74,"column":14}},"loc":{"start":{"line":74,"column":95},"end":{"line":88,"column":3}}},"1":{"name":"(anonymous_9)","decl":{"start":{"line":70,"column":9},"end":{"line":70,"column":15}},"loc":{"start":{"line":70,"column":50},"end":{"line":72,"column":3}}},"2":{"name":"(anonymous_10)","decl":{"start":{"line":91,"column":9},"end":{"line":91,"column":18}},"loc":{"start":{"line":91,"column":117},"end":{"line":117,"column":3}}},"3":{"name":"(anonymous_11)","decl":{"start":{"line":103,"column":45},"end":{"line":103,"column":46}},"loc":{"start":{"line":103,"column":61},"end":{"line":116,"column":5}}},"4":{"name":"(anonymous_12)","decl":{"start":{"line":119,"column":9},"end":{"line":119,"column":17}},"loc":{"start":{"line":119,"column":38},"end":{"line":121,"column":3}}},"5":{"name":"(anonymous_13)","decl":{"start":{"line":123,"column":9},"end":{"line":123,"column":28}},"loc":{"start":{"line":123,"column":60},"end":{"line":125,"column":3}}},"6":{"name":"(anonymous_14)","decl":{"start":{"line":127,"column":9},"end":{"line":127,"column":20}},"loc":{"start":{"line":127,"column":44},"end":{"line":129,"column":3}}},"7":{"name":"(anonymous_15)","decl":{"start":{"line":131,"column":9},"end":{"line":131,"column":19}},"loc":{"start":{"line":131,"column":35},"end":{"line":133,"column":3}}},"8":{"name":"(anonymous_16)","decl":{"start":{"line":137,"column":15},"end":{"line":137,"column":34}},"loc":{"start":{"line":147,"column":3},"end":{"line":178,"column":null}}},"9":{"name":"(anonymous_18)","decl":{"start":{"line":180,"column":15},"end":{"line":180,"column":42}},"loc":{"start":{"line":191,"column":5},"end":{"line":220,"column":null}}},"10":{"name":"(anonymous_20)","decl":{"start":{"line":222,"column":15},"end":{"line":222,"column":34}},"loc":{"start":{"line":233,"column":5},"end":{"line":259,"column":null}}},"11":{"name":"(anonymous_22)","decl":{"start":{"line":263,"column":15},"end":{"line":263,"column":20}},"loc":{"start":{"line":263,"column":33},"end":{"line":267,"column":null}}},"12":{"name":"(anonymous_24)","decl":{"start":{"line":269,"column":15},"end":{"line":269,"column":21}},"loc":{"start":{"line":269,"column":21},"end":{"line":272,"column":null}}},"13":{"name":"(anonymous_26)","decl":{"start":{"line":274,"column":15},"end":{"line":274,"column":21}},"loc":{"start":{"line":274,"column":42},"end":{"line":278,"column":null}}},"14":{"name":"(anonymous_28)","decl":{"start":{"line":280,"column":15},"end":{"line":280,"column":27}},"loc":{"start":{"line":280,"column":27},"end":{"line":284,"column":null}}},"15":{"name":"(anonymous_30)","decl":{"start":{"line":286,"column":15},"end":{"line":286,"column":41}},"loc":{"start":{"line":286,"column":66},"end":{"line":290,"column":null}}},"16":{"name":"(anonymous_32)","decl":{"start":{"line":292,"column":15},"end":{"line":292,"column":33}},"loc":{"start":{"line":292,"column":50},"end":{"line":296,"column":null}}},"17":{"name":"(anonymous_34)","decl":{"start":{"line":298,"column":15},"end":{"line":298,"column":28}},"loc":{"start":{"line":298,"column":28},"end":{"line":302,"column":null}}},"18":{"name":"(anonymous_36)","decl":{"start":{"line":304,"column":15},"end":{"line":304,"column":27}},"loc":{"start":{"line":304,"column":27},"end":{"line":308,"column":null}}},"19":{"name":"(anonymous_38)","decl":{"start":{"line":310,"column":15},"end":{"line":310,"column":26}},"loc":{"start":{"line":310,"column":71},"end":{"line":314,"column":null}}},"20":{"name":"(anonymous_40)","decl":{"start":{"line":316,"column":15},"end":{"line":316,"column":36}},"loc":{"start":{"line":316,"column":36},"end":{"line":320,"column":null}}},"21":{"name":"(anonymous_42)","decl":{"start":{"line":322,"column":15},"end":{"line":322,"column":34}},"loc":{"start":{"line":322,"column":51},"end":{"line":326,"column":null}}},"22":{"name":"(anonymous_44)","decl":{"start":{"line":330,"column":15},"end":{"line":330,"column":32}},"loc":{"start":{"line":330,"column":64},"end":{"line":337,"column":null}}},"23":{"name":"(anonymous_46)","decl":{"start":{"line":339,"column":15},"end":{"line":339,"column":36}},"loc":{"start":{"line":339,"column":68},"end":{"line":346,"column":null}}},"24":{"name":"(anonymous_48)","decl":{"start":{"line":348,"column":15},"end":{"line":348,"column":25}},"loc":{"start":{"line":348,"column":43},"end":{"line":352,"column":null}}},"25":{"name":"(anonymous_50)","decl":{"start":{"line":354,"column":15},"end":{"line":354,"column":28}},"loc":{"start":{"line":354,"column":48},"end":{"line":358,"column":null}}},"26":{"name":"(anonymous_52)","decl":{"start":{"line":360,"column":15},"end":{"line":360,"column":28}},"loc":{"start":{"line":360,"column":67},"end":{"line":364,"column":null}}},"27":{"name":"(anonymous_54)","decl":{"start":{"line":366,"column":15},"end":{"line":366,"column":28}},"loc":{"start":{"line":366,"column":46},"end":{"line":370,"column":null}}},"28":{"name":"(anonymous_56)","decl":{"start":{"line":374,"column":15},"end":{"line":374,"column":29}},"loc":{"start":{"line":374,"column":136},"end":{"line":396,"column":null}}},"29":{"name":"(anonymous_58)","decl":{"start":{"line":398,"column":15},"end":{"line":398,"column":28}},"loc":{"start":{"line":398,"column":49},"end":{"line":402,"column":null}}},"30":{"name":"(anonymous_60)","decl":{"start":{"line":404,"column":15},"end":{"line":404,"column":31}},"loc":{"start":{"line":404,"column":86},"end":{"line":408,"column":null}}},"31":{"name":"(anonymous_62)","decl":{"start":{"line":410,"column":15},"end":{"line":410,"column":31}},"loc":{"start":{"line":410,"column":108},"end":{"line":414,"column":null}}},"32":{"name":"(anonymous_64)","decl":{"start":{"line":416,"column":15},"end":{"line":416,"column":31}},"loc":{"start":{"line":416,"column":52},"end":{"line":420,"column":null}}},"33":{"name":"(anonymous_66)","decl":{"start":{"line":424,"column":15},"end":{"line":424,"column":29}},"loc":{"start":{"line":424,"column":54},"end":{"line":428,"column":null}}},"34":{"name":"(anonymous_68)","decl":{"start":{"line":432,"column":15},"end":{"line":432,"column":29}},"loc":{"start":{"line":441,"column":3},"end":{"line":460,"column":null}}},"35":{"name":"(anonymous_70)","decl":{"start":{"line":464,"column":15},"end":{"line":464,"column":32}},"loc":{"start":{"line":464,"column":49},"end":{"line":468,"column":null}}},"36":{"name":"(anonymous_72)","decl":{"start":{"line":470,"column":15},"end":{"line":470,"column":34}},"loc":{"start":{"line":470,"column":81},"end":{"line":474,"column":null}}},"37":{"name":"(anonymous_74)","decl":{"start":{"line":476,"column":15},"end":{"line":476,"column":34}},"loc":{"start":{"line":476,"column":106},"end":{"line":480,"column":null}}},"38":{"name":"(anonymous_76)","decl":{"start":{"line":482,"column":15},"end":{"line":482,"column":34}},"loc":{"start":{"line":482,"column":58},"end":{"line":486,"column":null}}},"39":{"name":"(anonymous_78)","decl":{"start":{"line":490,"column":15},"end":{"line":490,"column":29}},"loc":{"start":{"line":490,"column":104},"end":{"line":500,"column":null}}},"40":{"name":"(anonymous_80)","decl":{"start":{"line":502,"column":15},"end":{"line":502,"column":28}},"loc":{"start":{"line":502,"column":49},"end":{"line":506,"column":null}}},"41":{"name":"(anonymous_82)","decl":{"start":{"line":508,"column":15},"end":{"line":508,"column":31}},"loc":{"start":{"line":508,"column":72},"end":{"line":512,"column":null}}},"42":{"name":"(anonymous_84)","decl":{"start":{"line":514,"column":15},"end":{"line":514,"column":31}},"loc":{"start":{"line":514,"column":52},"end":{"line":518,"column":null}}},"43":{"name":"(anonymous_86)","decl":{"start":{"line":520,"column":15},"end":{"line":520,"column":31}},"loc":{"start":{"line":520,"column":52},"end":{"line":524,"column":null}}},"44":{"name":"(anonymous_88)","decl":{"start":{"line":526,"column":15},"end":{"line":526,"column":31}},"loc":{"start":{"line":526,"column":52},"end":{"line":530,"column":null}}},"45":{"name":"(anonymous_90)","decl":{"start":{"line":534,"column":15},"end":{"line":534,"column":31}},"loc":{"start":{"line":534,"column":106},"end":{"line":544,"column":null}}},"46":{"name":"(anonymous_92)","decl":{"start":{"line":546,"column":15},"end":{"line":546,"column":30}},"loc":{"start":{"line":546,"column":53},"end":{"line":550,"column":null}}},"47":{"name":"(anonymous_94)","decl":{"start":{"line":552,"column":15},"end":{"line":552,"column":36}},"loc":{"start":{"line":552,"column":61},"end":{"line":556,"column":null}}},"48":{"name":"(anonymous_96)","decl":{"start":{"line":558,"column":15},"end":{"line":558,"column":33}},"loc":{"start":{"line":558,"column":56},"end":{"line":562,"column":null}}},"49":{"name":"(anonymous_98)","decl":{"start":{"line":564,"column":15},"end":{"line":564,"column":33}},"loc":{"start":{"line":564,"column":102},"end":{"line":568,"column":null}}},"50":{"name":"(anonymous_100)","decl":{"start":{"line":570,"column":15},"end":{"line":570,"column":40}},"loc":{"start":{"line":570,"column":105},"end":{"line":574,"column":null}}},"51":{"name":"(anonymous_102)","decl":{"start":{"line":576,"column":15},"end":{"line":576,"column":37}},"loc":{"start":{"line":576,"column":60},"end":{"line":580,"column":null}}},"52":{"name":"(anonymous_104)","decl":{"start":{"line":582,"column":15},"end":{"line":582,"column":33}},"loc":{"start":{"line":582,"column":60},"end":{"line":586,"column":null}}},"53":{"name":"(anonymous_106)","decl":{"start":{"line":588,"column":15},"end":{"line":588,"column":36}},"loc":{"start":{"line":588,"column":83},"end":{"line":592,"column":null}}},"54":{"name":"(anonymous_108)","decl":{"start":{"line":594,"column":15},"end":{"line":594,"column":37}},"loc":{"start":{"line":594,"column":86},"end":{"line":598,"column":null}}},"55":{"name":"(anonymous_110)","decl":{"start":{"line":600,"column":15},"end":{"line":600,"column":41}},"loc":{"start":{"line":600,"column":80},"end":{"line":604,"column":null}}},"56":{"name":"(anonymous_112)","decl":{"start":{"line":606,"column":15},"end":{"line":606,"column":44}},"loc":{"start":{"line":606,"column":127},"end":{"line":610,"column":null}}},"57":{"name":"(anonymous_114)","decl":{"start":{"line":612,"column":15},"end":{"line":612,"column":41}},"loc":{"start":{"line":612,"column":94},"end":{"line":616,"column":null}}},"58":{"name":"(anonymous_116)","decl":{"start":{"line":618,"column":15},"end":{"line":618,"column":38}},"loc":{"start":{"line":618,"column":73},"end":{"line":624,"column":null}}},"59":{"name":"(anonymous_118)","decl":{"start":{"line":626,"column":15},"end":{"line":626,"column":35}},"loc":{"start":{"line":626,"column":59},"end":{"line":633,"column":null}}},"60":{"name":"(anonymous_120)","decl":{"start":{"line":635,"column":15},"end":{"line":635,"column":37}},"loc":{"start":{"line":635,"column":105},"end":{"line":639,"column":null}}},"61":{"name":"(anonymous_122)","decl":{"start":{"line":643,"column":15},"end":{"line":643,"column":28}},"loc":{"start":{"line":643,"column":45},"end":{"line":647,"column":null}}},"62":{"name":"(anonymous_124)","decl":{"start":{"line":649,"column":15},"end":{"line":649,"column":25}},"loc":{"start":{"line":649,"column":100},"end":{"line":659,"column":null}}},"63":{"name":"(anonymous_126)","decl":{"start":{"line":661,"column":15},"end":{"line":661,"column":47}},"loc":{"start":{"line":661,"column":84},"end":{"line":665,"column":null}}},"64":{"name":"(anonymous_128)","decl":{"start":{"line":667,"column":15},"end":{"line":667,"column":27}},"loc":{"start":{"line":667,"column":92},"end":{"line":671,"column":null}}},"65":{"name":"(anonymous_130)","decl":{"start":{"line":673,"column":15},"end":{"line":673,"column":32}},"loc":{"start":{"line":673,"column":49},"end":{"line":677,"column":null}}},"66":{"name":"(anonymous_132)","decl":{"start":{"line":679,"column":15},"end":{"line":679,"column":32}},"loc":{"start":{"line":679,"column":95},"end":{"line":686,"column":null}}},"67":{"name":"(anonymous_134)","decl":{"start":{"line":688,"column":15},"end":{"line":688,"column":27}},"loc":{"start":{"line":688,"column":44},"end":{"line":692,"column":null}}},"68":{"name":"(anonymous_136)","decl":{"start":{"line":694,"column":15},"end":{"line":694,"column":35}},"loc":{"start":{"line":694,"column":79},"end":{"line":698,"column":null}}},"69":{"name":"(anonymous_138)","decl":{"start":{"line":700,"column":15},"end":{"line":700,"column":34}},"loc":{"start":{"line":700,"column":51},"end":{"line":704,"column":null}}},"70":{"name":"(anonymous_140)","decl":{"start":{"line":706,"column":15},"end":{"line":706,"column":36}},"loc":{"start":{"line":706,"column":53},"end":{"line":710,"column":null}}},"71":{"name":"(anonymous_142)","decl":{"start":{"line":712,"column":15},"end":{"line":712,"column":35}},"loc":{"start":{"line":712,"column":52},"end":{"line":716,"column":null}}},"72":{"name":"(anonymous_144)","decl":{"start":{"line":718,"column":15},"end":{"line":718,"column":31}},"loc":{"start":{"line":718,"column":50},"end":{"line":729,"column":null}}},"73":{"name":"(anonymous_146)","decl":{"start":{"line":731,"column":15},"end":{"line":731,"column":29}},"loc":{"start":{"line":731,"column":48},"end":{"line":739,"column":null}}},"74":{"name":"(anonymous_148)","decl":{"start":{"line":741,"column":15},"end":{"line":741,"column":35}},"loc":{"start":{"line":741,"column":72},"end":{"line":749,"column":null}}},"75":{"name":"(anonymous_150)","decl":{"start":{"line":751,"column":15},"end":{"line":751,"column":37}},"loc":{"start":{"line":751,"column":76},"end":{"line":758,"column":null}}},"76":{"name":"(anonymous_152)","decl":{"start":{"line":760,"column":15},"end":{"line":760,"column":40}},"loc":{"start":{"line":760,"column":79},"end":{"line":767,"column":null}}},"77":{"name":"(anonymous_154)","decl":{"start":{"line":769,"column":15},"end":{"line":769,"column":37}},"loc":{"start":{"line":769,"column":85},"end":{"line":776,"column":null}}},"78":{"name":"(anonymous_156)","decl":{"start":{"line":778,"column":15},"end":{"line":778,"column":25}},"loc":{"start":{"line":778,"column":80},"end":{"line":785,"column":null}}},"79":{"name":"(anonymous_158)","decl":{"start":{"line":787,"column":15},"end":{"line":787,"column":29}},"loc":{"start":{"line":787,"column":46},"end":{"line":791,"column":null}}},"80":{"name":"(anonymous_160)","decl":{"start":{"line":793,"column":15},"end":{"line":793,"column":32}},"loc":{"start":{"line":793,"column":61},"end":{"line":804,"column":null}}},"81":{"name":"(anonymous_162)","decl":{"start":{"line":806,"column":15},"end":{"line":806,"column":32}},"loc":{"start":{"line":806,"column":49},"end":{"line":810,"column":null}}},"82":{"name":"(anonymous_164)","decl":{"start":{"line":812,"column":15},"end":{"line":812,"column":29}},"loc":{"start":{"line":812,"column":64},"end":{"line":819,"column":null}}},"83":{"name":"(anonymous_166)","decl":{"start":{"line":821,"column":15},"end":{"line":821,"column":32}},"loc":{"start":{"line":821,"column":63},"end":{"line":828,"column":null}}},"84":{"name":"(anonymous_168)","decl":{"start":{"line":830,"column":15},"end":{"line":830,"column":32}},"loc":{"start":{"line":830,"column":95},"end":{"line":834,"column":null}}},"85":{"name":"(anonymous_170)","decl":{"start":{"line":836,"column":15},"end":{"line":836,"column":27}},"loc":{"start":{"line":836,"column":62},"end":{"line":840,"column":null}}},"86":{"name":"(anonymous_172)","decl":{"start":{"line":844,"column":15},"end":{"line":844,"column":30}},"loc":{"start":{"line":844,"column":117},"end":{"line":851,"column":null}}},"87":{"name":"(anonymous_174)","decl":{"start":{"line":853,"column":15},"end":{"line":853,"column":34}},"loc":{"start":{"line":853,"column":63},"end":{"line":857,"column":null}}},"88":{"name":"(anonymous_176)","decl":{"start":{"line":859,"column":15},"end":{"line":859,"column":28}},"loc":{"start":{"line":859,"column":81},"end":{"line":863,"column":null}}},"89":{"name":"(anonymous_178)","decl":{"start":{"line":865,"column":15},"end":{"line":865,"column":32}},"loc":{"start":{"line":865,"column":101},"end":{"line":869,"column":null}}},"90":{"name":"(anonymous_180)","decl":{"start":{"line":871,"column":15},"end":{"line":871,"column":60}},"loc":{"start":{"line":871,"column":110},"end":{"line":875,"column":null}}},"91":{"name":"(anonymous_182)","decl":{"start":{"line":877,"column":15},"end":{"line":877,"column":66}},"loc":{"start":{"line":877,"column":104},"end":{"line":881,"column":null}}},"92":{"name":"(anonymous_184)","decl":{"start":{"line":885,"column":15},"end":{"line":885,"column":30}},"loc":{"start":{"line":885,"column":42},"end":{"line":889,"column":null}}},"93":{"name":"(anonymous_186)","decl":{"start":{"line":891,"column":15},"end":{"line":891,"column":32}},"loc":{"start":{"line":891,"column":32},"end":{"line":895,"column":null}}},"94":{"name":"(anonymous_188)","decl":{"start":{"line":899,"column":15},"end":{"line":899,"column":22}},"loc":{"start":{"line":899,"column":97},"end":{"line":909,"column":null}}},"95":{"name":"(anonymous_190)","decl":{"start":{"line":911,"column":15},"end":{"line":911,"column":24}},"loc":{"start":{"line":911,"column":33},"end":{"line":915,"column":null}}},"96":{"name":"(anonymous_192)","decl":{"start":{"line":917,"column":15},"end":{"line":917,"column":21}},"loc":{"start":{"line":917,"column":35},"end":{"line":921,"column":null}}},"97":{"name":"(anonymous_194)","decl":{"start":{"line":923,"column":15},"end":{"line":923,"column":24}},"loc":{"start":{"line":923,"column":37},"end":{"line":927,"column":null}}},"98":{"name":"(anonymous_196)","decl":{"start":{"line":929,"column":15},"end":{"line":929,"column":24}},"loc":{"start":{"line":929,"column":48},"end":{"line":933,"column":null}}},"99":{"name":"(anonymous_198)","decl":{"start":{"line":935,"column":15},"end":{"line":935,"column":24}},"loc":{"start":{"line":935,"column":38},"end":{"line":939,"column":null}}},"100":{"name":"(anonymous_200)","decl":{"start":{"line":941,"column":15},"end":{"line":941,"column":32}},"loc":{"start":{"line":941,"column":88},"end":{"line":945,"column":null}}},"101":{"name":"(anonymous_202)","decl":{"start":{"line":947,"column":15},"end":{"line":947,"column":36}},"loc":{"start":{"line":947,"column":68},"end":{"line":951,"column":null}}},"102":{"name":"(anonymous_204)","decl":{"start":{"line":955,"column":15},"end":{"line":955,"column":23}},"loc":{"start":{"line":955,"column":98},"end":{"line":965,"column":null}}},"103":{"name":"(anonymous_206)","decl":{"start":{"line":967,"column":15},"end":{"line":967,"column":22}},"loc":{"start":{"line":967,"column":37},"end":{"line":971,"column":null}}},"104":{"name":"(anonymous_208)","decl":{"start":{"line":973,"column":15},"end":{"line":973,"column":25}},"loc":{"start":{"line":973,"column":36},"end":{"line":977,"column":null}}},"105":{"name":"(anonymous_210)","decl":{"start":{"line":979,"column":15},"end":{"line":979,"column":25}},"loc":{"start":{"line":979,"column":40},"end":{"line":983,"column":null}}},"106":{"name":"(anonymous_212)","decl":{"start":{"line":985,"column":15},"end":{"line":985,"column":29}},"loc":{"start":{"line":985,"column":44},"end":{"line":989,"column":null}}},"107":{"name":"(anonymous_214)","decl":{"start":{"line":991,"column":15},"end":{"line":991,"column":29}},"loc":{"start":{"line":991,"column":44},"end":{"line":995,"column":null}}},"108":{"name":"(anonymous_216)","decl":{"start":{"line":997,"column":15},"end":{"line":997,"column":31}},"loc":{"start":{"line":997,"column":46},"end":{"line":1001,"column":null}}},"109":{"name":"(anonymous_218)","decl":{"start":{"line":1003,"column":15},"end":{"line":1003,"column":32}},"loc":{"start":{"line":1003,"column":63},"end":{"line":1007,"column":null}}},"110":{"name":"(anonymous_220)","decl":{"start":{"line":1009,"column":15},"end":{"line":1009,"column":28}},"loc":{"start":{"line":1009,"column":59},"end":{"line":1013,"column":null}}},"111":{"name":"(anonymous_222)","decl":{"start":{"line":1015,"column":15},"end":{"line":1015,"column":33}},"loc":{"start":{"line":1015,"column":64},"end":{"line":1019,"column":null}}},"112":{"name":"(anonymous_224)","decl":{"start":{"line":1021,"column":15},"end":{"line":1021,"column":25}},"loc":{"start":{"line":1021,"column":78},"end":{"line":1025,"column":null}}},"113":{"name":"(anonymous_226)","decl":{"start":{"line":1027,"column":15},"end":{"line":1027,"column":34}},"loc":{"start":{"line":1027,"column":75},"end":{"line":1031,"column":null}}},"114":{"name":"(anonymous_228)","decl":{"start":{"line":1033,"column":15},"end":{"line":1033,"column":31}},"loc":{"start":{"line":1033,"column":46},"end":{"line":1037,"column":null}}},"115":{"name":"(anonymous_230)","decl":{"start":{"line":1039,"column":15},"end":{"line":1039,"column":36}},"loc":{"start":{"line":1039,"column":95},"end":{"line":1043,"column":null}}},"116":{"name":"(anonymous_232)","decl":{"start":{"line":1045,"column":15},"end":{"line":1045,"column":36}},"loc":{"start":{"line":1045,"column":81},"end":{"line":1049,"column":null}}},"117":{"name":"(anonymous_234)","decl":{"start":{"line":1051,"column":15},"end":{"line":1051,"column":30}},"loc":{"start":{"line":1051,"column":57},"end":{"line":1055,"column":null}}},"118":{"name":"(anonymous_236)","decl":{"start":{"line":1057,"column":15},"end":{"line":1057,"column":30}},"loc":{"start":{"line":1057,"column":45},"end":{"line":1061,"column":null}}},"119":{"name":"(anonymous_238)","decl":{"start":{"line":1063,"column":15},"end":{"line":1063,"column":38}},"loc":{"start":{"line":1063,"column":65},"end":{"line":1067,"column":null}}},"120":{"name":"(anonymous_240)","decl":{"start":{"line":1069,"column":15},"end":{"line":1069,"column":27}},"loc":{"start":{"line":1069,"column":43},"end":{"line":1076,"column":null}}},"121":{"name":"(anonymous_242)","decl":{"start":{"line":1080,"column":15},"end":{"line":1080,"column":23}},"loc":{"start":{"line":1080,"column":114},"end":{"line":1100,"column":null}}},"122":{"name":"(anonymous_244)","decl":{"start":{"line":1092,"column":44},"end":{"line":1092,"column":45}},"loc":{"start":{"line":1092,"column":49},"end":{"line":1092,"column":62}}},"123":{"name":"(anonymous_245)","decl":{"start":{"line":1092,"column":71},"end":{"line":1092,"column":72}},"loc":{"start":{"line":1092,"column":87},"end":{"line":1092,"column":104}}},"124":{"name":"(anonymous_246)","decl":{"start":{"line":1102,"column":15},"end":{"line":1102,"column":22}},"loc":{"start":{"line":1102,"column":37},"end":{"line":1106,"column":null}}},"125":{"name":"(anonymous_248)","decl":{"start":{"line":1108,"column":15},"end":{"line":1108,"column":39}},"loc":{"start":{"line":1108,"column":56},"end":{"line":1112,"column":null}}},"126":{"name":"(anonymous_250)","decl":{"start":{"line":1114,"column":15},"end":{"line":1114,"column":33}},"loc":{"start":{"line":1114,"column":48},"end":{"line":1118,"column":null}}},"127":{"name":"(anonymous_252)","decl":{"start":{"line":1120,"column":15},"end":{"line":1120,"column":25}},"loc":{"start":{"line":1120,"column":84},"end":{"line":1124,"column":null}}},"128":{"name":"(anonymous_254)","decl":{"start":{"line":1126,"column":15},"end":{"line":1126,"column":25}},"loc":{"start":{"line":1126,"column":40},"end":{"line":1130,"column":null}}},"129":{"name":"(anonymous_256)","decl":{"start":{"line":1132,"column":15},"end":{"line":1132,"column":29}},"loc":{"start":{"line":1132,"column":54},"end":{"line":1136,"column":null}}},"130":{"name":"(anonymous_258)","decl":{"start":{"line":1138,"column":15},"end":{"line":1138,"column":32}},"loc":{"start":{"line":1138,"column":79},"end":{"line":1142,"column":null}}},"131":{"name":"(anonymous_260)","decl":{"start":{"line":1144,"column":15},"end":{"line":1144,"column":37}},"loc":{"start":{"line":1144,"column":48},"end":{"line":1150,"column":null}}},"132":{"name":"(anonymous_262)","decl":{"start":{"line":1152,"column":15},"end":{"line":1152,"column":31}},"loc":{"start":{"line":1152,"column":31},"end":{"line":1156,"column":null}}},"133":{"name":"(anonymous_264)","decl":{"start":{"line":1158,"column":15},"end":{"line":1158,"column":30}},"loc":{"start":{"line":1158,"column":30},"end":{"line":1162,"column":null}}},"134":{"name":"(anonymous_266)","decl":{"start":{"line":1164,"column":15},"end":{"line":1164,"column":32}},"loc":{"start":{"line":1164,"column":83},"end":{"line":1168,"column":null}}},"135":{"name":"(anonymous_268)","decl":{"start":{"line":1170,"column":15},"end":{"line":1170,"column":36}},"loc":{"start":{"line":1170,"column":36},"end":{"line":1174,"column":null}}},"136":{"name":"(anonymous_270)","decl":{"start":{"line":1176,"column":15},"end":{"line":1176,"column":32}},"loc":{"start":{"line":1176,"column":54},"end":{"line":1180,"column":null}}},"137":{"name":"(anonymous_272)","decl":{"start":{"line":1182,"column":15},"end":{"line":1182,"column":28}},"loc":{"start":{"line":1182,"column":42},"end":{"line":1186,"column":null}}},"138":{"name":"(anonymous_274)","decl":{"start":{"line":1188,"column":15},"end":{"line":1188,"column":30}},"loc":{"start":{"line":1188,"column":85},"end":{"line":1192,"column":null}}},"139":{"name":"(anonymous_276)","decl":{"start":{"line":1194,"column":15},"end":{"line":1194,"column":29}},"loc":{"start":{"line":1194,"column":74},"end":{"line":1198,"column":null}}}},"branchMap":{"0":{"loc":{"start":{"line":79,"column":4},"end":{"line":85,"column":null}},"type":"if","locations":[{"start":{"line":79,"column":4},"end":{"line":85,"column":null}},{"start":{"line":81,"column":11},"end":{"line":85,"column":null}}]},"1":{"loc":{"start":{"line":81,"column":11},"end":{"line":85,"column":null}},"type":"if","locations":[{"start":{"line":81,"column":11},"end":{"line":85,"column":null}},{"start":{"line":83,"column":11},"end":{"line":85,"column":null}}]},"2":{"loc":{"start":{"line":71,"column":36},"end":{"line":71,"column":90}},"type":"cond-expr","locations":[{"start":{"line":71,"column":61},"end":{"line":71,"column":83}},{"start":{"line":71,"column":86},"end":{"line":71,"column":90}}]},"3":{"loc":{"start":{"line":71,"column":92},"end":{"line":71,"column":130}},"type":"cond-expr","locations":[{"start":{"line":71,"column":109},"end":{"line":71,"column":123}},{"start":{"line":71,"column":126},"end":{"line":71,"column":130}}]},"4":{"loc":{"start":{"line":106,"column":6},"end":{"line":108,"column":null}},"type":"if","locations":[{"start":{"line":106,"column":6},"end":{"line":108,"column":null}}]},"5":{"loc":{"start":{"line":109,"column":6},"end":{"line":111,"column":null}},"type":"if","locations":[{"start":{"line":109,"column":6},"end":{"line":111,"column":null}}]},"6":{"loc":{"start":{"line":112,"column":6},"end":{"line":114,"column":null}},"type":"if","locations":[{"start":{"line":112,"column":6},"end":{"line":114,"column":null}}]},"7":{"loc":{"start":{"line":149,"column":4},"end":{"line":151,"column":null}},"type":"if","locations":[{"start":{"line":149,"column":4},"end":{"line":151,"column":null}}]},"8":{"loc":{"start":{"line":152,"column":4},"end":{"line":154,"column":null}},"type":"if","locations":[{"start":{"line":152,"column":4},"end":{"line":154,"column":null}}]},"9":{"loc":{"start":{"line":155,"column":4},"end":{"line":157,"column":null}},"type":"if","locations":[{"start":{"line":155,"column":4},"end":{"line":157,"column":null}}]},"10":{"loc":{"start":{"line":158,"column":4},"end":{"line":160,"column":null}},"type":"if","locations":[{"start":{"line":158,"column":4},"end":{"line":160,"column":null}}]},"11":{"loc":{"start":{"line":161,"column":4},"end":{"line":163,"column":null}},"type":"if","locations":[{"start":{"line":161,"column":4},"end":{"line":163,"column":null}}]},"12":{"loc":{"start":{"line":164,"column":4},"end":{"line":166,"column":null}},"type":"if","locations":[{"start":{"line":164,"column":4},"end":{"line":166,"column":null}}]},"13":{"loc":{"start":{"line":167,"column":4},"end":{"line":169,"column":null}},"type":"if","locations":[{"start":{"line":167,"column":4},"end":{"line":169,"column":null}}]},"14":{"loc":{"start":{"line":170,"column":4},"end":{"line":172,"column":null}},"type":"if","locations":[{"start":{"line":170,"column":4},"end":{"line":172,"column":null}}]},"15":{"loc":{"start":{"line":173,"column":4},"end":{"line":175,"column":null}},"type":"if","locations":[{"start":{"line":173,"column":4},"end":{"line":175,"column":null}}]},"16":{"loc":{"start":{"line":194,"column":4},"end":{"line":196,"column":null}},"type":"if","locations":[{"start":{"line":194,"column":4},"end":{"line":196,"column":null}}]},"17":{"loc":{"start":{"line":197,"column":4},"end":{"line":199,"column":null}},"type":"if","locations":[{"start":{"line":197,"column":4},"end":{"line":199,"column":null}}]},"18":{"loc":{"start":{"line":200,"column":4},"end":{"line":202,"column":null}},"type":"if","locations":[{"start":{"line":200,"column":4},"end":{"line":202,"column":null}}]},"19":{"loc":{"start":{"line":203,"column":4},"end":{"line":205,"column":null}},"type":"if","locations":[{"start":{"line":203,"column":4},"end":{"line":205,"column":null}}]},"20":{"loc":{"start":{"line":206,"column":4},"end":{"line":208,"column":null}},"type":"if","locations":[{"start":{"line":206,"column":4},"end":{"line":208,"column":null}}]},"21":{"loc":{"start":{"line":209,"column":4},"end":{"line":211,"column":null}},"type":"if","locations":[{"start":{"line":209,"column":4},"end":{"line":211,"column":null}}]},"22":{"loc":{"start":{"line":212,"column":4},"end":{"line":214,"column":null}},"type":"if","locations":[{"start":{"line":212,"column":4},"end":{"line":214,"column":null}}]},"23":{"loc":{"start":{"line":215,"column":4},"end":{"line":217,"column":null}},"type":"if","locations":[{"start":{"line":215,"column":4},"end":{"line":217,"column":null}}]},"24":{"loc":{"start":{"line":236,"column":4},"end":{"line":238,"column":null}},"type":"if","locations":[{"start":{"line":236,"column":4},"end":{"line":238,"column":null}}]},"25":{"loc":{"start":{"line":239,"column":4},"end":{"line":241,"column":null}},"type":"if","locations":[{"start":{"line":239,"column":4},"end":{"line":241,"column":null}}]},"26":{"loc":{"start":{"line":242,"column":4},"end":{"line":244,"column":null}},"type":"if","locations":[{"start":{"line":242,"column":4},"end":{"line":244,"column":null}}]},"27":{"loc":{"start":{"line":245,"column":4},"end":{"line":247,"column":null}},"type":"if","locations":[{"start":{"line":245,"column":4},"end":{"line":247,"column":null}}]},"28":{"loc":{"start":{"line":248,"column":4},"end":{"line":250,"column":null}},"type":"if","locations":[{"start":{"line":248,"column":4},"end":{"line":250,"column":null}}]},"29":{"loc":{"start":{"line":251,"column":4},"end":{"line":253,"column":null}},"type":"if","locations":[{"start":{"line":251,"column":4},"end":{"line":253,"column":null}}]},"30":{"loc":{"start":{"line":254,"column":4},"end":{"line":256,"column":null}},"type":"if","locations":[{"start":{"line":254,"column":4},"end":{"line":256,"column":null}}]},"31":{"loc":{"start":{"line":332,"column":4},"end":{"line":334,"column":null}},"type":"if","locations":[{"start":{"line":332,"column":4},"end":{"line":334,"column":null}}]},"32":{"loc":{"start":{"line":341,"column":4},"end":{"line":343,"column":null}},"type":"if","locations":[{"start":{"line":341,"column":4},"end":{"line":343,"column":null}}]},"33":{"loc":{"start":{"line":376,"column":4},"end":{"line":378,"column":null}},"type":"if","locations":[{"start":{"line":376,"column":4},"end":{"line":378,"column":null}}]},"34":{"loc":{"start":{"line":379,"column":4},"end":{"line":381,"column":null}},"type":"if","locations":[{"start":{"line":379,"column":4},"end":{"line":381,"column":null}}]},"35":{"loc":{"start":{"line":382,"column":4},"end":{"line":384,"column":null}},"type":"if","locations":[{"start":{"line":382,"column":4},"end":{"line":384,"column":null}}]},"36":{"loc":{"start":{"line":385,"column":4},"end":{"line":387,"column":null}},"type":"if","locations":[{"start":{"line":385,"column":4},"end":{"line":387,"column":null}}]},"37":{"loc":{"start":{"line":388,"column":4},"end":{"line":390,"column":null}},"type":"if","locations":[{"start":{"line":388,"column":4},"end":{"line":390,"column":null}}]},"38":{"loc":{"start":{"line":391,"column":4},"end":{"line":393,"column":null}},"type":"if","locations":[{"start":{"line":391,"column":4},"end":{"line":393,"column":null}}]},"39":{"loc":{"start":{"line":391,"column":8},"end":{"line":391,"column":45}},"type":"binary-expr","locations":[{"start":{"line":391,"column":8},"end":{"line":391,"column":19}},{"start":{"line":391,"column":23},"end":{"line":391,"column":45}}]},"40":{"loc":{"start":{"line":443,"column":4},"end":{"line":445,"column":null}},"type":"if","locations":[{"start":{"line":443,"column":4},"end":{"line":445,"column":null}}]},"41":{"loc":{"start":{"line":446,"column":4},"end":{"line":448,"column":null}},"type":"if","locations":[{"start":{"line":446,"column":4},"end":{"line":448,"column":null}}]},"42":{"loc":{"start":{"line":446,"column":8},"end":{"line":446,"column":53}},"type":"binary-expr","locations":[{"start":{"line":446,"column":8},"end":{"line":446,"column":23}},{"start":{"line":446,"column":27},"end":{"line":446,"column":53}}]},"43":{"loc":{"start":{"line":449,"column":4},"end":{"line":451,"column":null}},"type":"if","locations":[{"start":{"line":449,"column":4},"end":{"line":451,"column":null}}]},"44":{"loc":{"start":{"line":449,"column":8},"end":{"line":449,"column":55}},"type":"binary-expr","locations":[{"start":{"line":449,"column":8},"end":{"line":449,"column":24}},{"start":{"line":449,"column":28},"end":{"line":449,"column":55}}]},"45":{"loc":{"start":{"line":452,"column":4},"end":{"line":454,"column":null}},"type":"if","locations":[{"start":{"line":452,"column":4},"end":{"line":454,"column":null}}]},"46":{"loc":{"start":{"line":452,"column":8},"end":{"line":452,"column":53}},"type":"binary-expr","locations":[{"start":{"line":452,"column":8},"end":{"line":452,"column":23}},{"start":{"line":452,"column":27},"end":{"line":452,"column":53}}]},"47":{"loc":{"start":{"line":455,"column":4},"end":{"line":457,"column":null}},"type":"if","locations":[{"start":{"line":455,"column":4},"end":{"line":457,"column":null}}]},"48":{"loc":{"start":{"line":455,"column":8},"end":{"line":455,"column":57}},"type":"binary-expr","locations":[{"start":{"line":455,"column":8},"end":{"line":455,"column":25}},{"start":{"line":455,"column":29},"end":{"line":455,"column":57}}]},"49":{"loc":{"start":{"line":492,"column":13},"end":{"line":492,"column":28}},"type":"binary-expr","locations":[{"start":{"line":492,"column":13},"end":{"line":492,"column":23}},{"start":{"line":492,"column":27},"end":{"line":492,"column":28}}]},"50":{"loc":{"start":{"line":492,"column":13},"end":{"line":492,"column":23}},"type":"cond-expr","locations":[{"start":{"line":492,"column":17},"end":{"line":492,"column":19}},{"start":{"line":492,"column":13},"end":{"line":492,"column":23}}]},"51":{"loc":{"start":{"line":492,"column":13},"end":{"line":492,"column":19}},"type":"binary-expr","locations":[{"start":{"line":492,"column":13},"end":{"line":492,"column":19}},{"start":{"line":492,"column":13},"end":{"line":492,"column":19}}]},"52":{"loc":{"start":{"line":493,"column":17},"end":{"line":493,"column":37}},"type":"binary-expr","locations":[{"start":{"line":493,"column":17},"end":{"line":493,"column":31}},{"start":{"line":493,"column":35},"end":{"line":493,"column":37}}]},"53":{"loc":{"start":{"line":493,"column":17},"end":{"line":493,"column":31}},"type":"cond-expr","locations":[{"start":{"line":493,"column":21},"end":{"line":493,"column":23}},{"start":{"line":493,"column":17},"end":{"line":493,"column":31}}]},"54":{"loc":{"start":{"line":493,"column":17},"end":{"line":493,"column":23}},"type":"binary-expr","locations":[{"start":{"line":493,"column":17},"end":{"line":493,"column":23}},{"start":{"line":493,"column":17},"end":{"line":493,"column":23}}]},"55":{"loc":{"start":{"line":494,"column":12},"end":{"line":494,"column":74}},"type":"cond-expr","locations":[{"start":{"line":494,"column":49},"end":{"line":494,"column":58}},{"start":{"line":494,"column":61},"end":{"line":494,"column":74}}]},"56":{"loc":{"start":{"line":494,"column":12},"end":{"line":494,"column":46}},"type":"binary-expr","locations":[{"start":{"line":494,"column":12},"end":{"line":494,"column":22}},{"start":{"line":494,"column":26},"end":{"line":494,"column":46}}]},"57":{"loc":{"start":{"line":494,"column":12},"end":{"line":494,"column":22}},"type":"cond-expr","locations":[{"start":{"line":494,"column":16},"end":{"line":494,"column":18}},{"start":{"line":494,"column":12},"end":{"line":494,"column":22}}]},"58":{"loc":{"start":{"line":494,"column":12},"end":{"line":494,"column":18}},"type":"binary-expr","locations":[{"start":{"line":494,"column":12},"end":{"line":494,"column":18}},{"start":{"line":494,"column":12},"end":{"line":494,"column":18}}]},"59":{"loc":{"start":{"line":495,"column":9},"end":{"line":495,"column":21}},"type":"cond-expr","locations":[{"start":{"line":495,"column":13},"end":{"line":495,"column":15}},{"start":{"line":495,"column":9},"end":{"line":495,"column":21}}]},"60":{"loc":{"start":{"line":495,"column":9},"end":{"line":495,"column":15}},"type":"binary-expr","locations":[{"start":{"line":495,"column":9},"end":{"line":495,"column":15}},{"start":{"line":495,"column":9},"end":{"line":495,"column":15}}]},"61":{"loc":{"start":{"line":536,"column":13},"end":{"line":536,"column":28}},"type":"binary-expr","locations":[{"start":{"line":536,"column":13},"end":{"line":536,"column":23}},{"start":{"line":536,"column":27},"end":{"line":536,"column":28}}]},"62":{"loc":{"start":{"line":536,"column":13},"end":{"line":536,"column":23}},"type":"cond-expr","locations":[{"start":{"line":536,"column":17},"end":{"line":536,"column":19}},{"start":{"line":536,"column":13},"end":{"line":536,"column":23}}]},"63":{"loc":{"start":{"line":536,"column":13},"end":{"line":536,"column":19}},"type":"binary-expr","locations":[{"start":{"line":536,"column":13},"end":{"line":536,"column":19}},{"start":{"line":536,"column":13},"end":{"line":536,"column":19}}]},"64":{"loc":{"start":{"line":537,"column":17},"end":{"line":537,"column":37}},"type":"binary-expr","locations":[{"start":{"line":537,"column":17},"end":{"line":537,"column":31}},{"start":{"line":537,"column":35},"end":{"line":537,"column":37}}]},"65":{"loc":{"start":{"line":537,"column":17},"end":{"line":537,"column":31}},"type":"cond-expr","locations":[{"start":{"line":537,"column":21},"end":{"line":537,"column":23}},{"start":{"line":537,"column":17},"end":{"line":537,"column":31}}]},"66":{"loc":{"start":{"line":537,"column":17},"end":{"line":537,"column":23}},"type":"binary-expr","locations":[{"start":{"line":537,"column":17},"end":{"line":537,"column":23}},{"start":{"line":537,"column":17},"end":{"line":537,"column":23}}]},"67":{"loc":{"start":{"line":538,"column":12},"end":{"line":538,"column":74}},"type":"cond-expr","locations":[{"start":{"line":538,"column":49},"end":{"line":538,"column":58}},{"start":{"line":538,"column":61},"end":{"line":538,"column":74}}]},"68":{"loc":{"start":{"line":538,"column":12},"end":{"line":538,"column":46}},"type":"binary-expr","locations":[{"start":{"line":538,"column":12},"end":{"line":538,"column":22}},{"start":{"line":538,"column":26},"end":{"line":538,"column":46}}]},"69":{"loc":{"start":{"line":538,"column":12},"end":{"line":538,"column":22}},"type":"cond-expr","locations":[{"start":{"line":538,"column":16},"end":{"line":538,"column":18}},{"start":{"line":538,"column":12},"end":{"line":538,"column":22}}]},"70":{"loc":{"start":{"line":538,"column":12},"end":{"line":538,"column":18}},"type":"binary-expr","locations":[{"start":{"line":538,"column":12},"end":{"line":538,"column":18}},{"start":{"line":538,"column":12},"end":{"line":538,"column":18}}]},"71":{"loc":{"start":{"line":539,"column":9},"end":{"line":539,"column":21}},"type":"cond-expr","locations":[{"start":{"line":539,"column":13},"end":{"line":539,"column":15}},{"start":{"line":539,"column":9},"end":{"line":539,"column":21}}]},"72":{"loc":{"start":{"line":539,"column":9},"end":{"line":539,"column":15}},"type":"binary-expr","locations":[{"start":{"line":539,"column":9},"end":{"line":539,"column":15}},{"start":{"line":539,"column":9},"end":{"line":539,"column":15}}]},"73":{"loc":{"start":{"line":628,"column":4},"end":{"line":630,"column":null}},"type":"if","locations":[{"start":{"line":628,"column":4},"end":{"line":630,"column":null}}]},"74":{"loc":{"start":{"line":651,"column":13},"end":{"line":651,"column":28}},"type":"binary-expr","locations":[{"start":{"line":651,"column":13},"end":{"line":651,"column":23}},{"start":{"line":651,"column":27},"end":{"line":651,"column":28}}]},"75":{"loc":{"start":{"line":651,"column":13},"end":{"line":651,"column":23}},"type":"cond-expr","locations":[{"start":{"line":651,"column":17},"end":{"line":651,"column":19}},{"start":{"line":651,"column":13},"end":{"line":651,"column":23}}]},"76":{"loc":{"start":{"line":651,"column":13},"end":{"line":651,"column":19}},"type":"binary-expr","locations":[{"start":{"line":651,"column":13},"end":{"line":651,"column":19}},{"start":{"line":651,"column":13},"end":{"line":651,"column":19}}]},"77":{"loc":{"start":{"line":652,"column":17},"end":{"line":652,"column":37}},"type":"binary-expr","locations":[{"start":{"line":652,"column":17},"end":{"line":652,"column":31}},{"start":{"line":652,
[...]
-expr","locations":[{"start":{"line":652,"column":17},"end":{"line":652,"column":23}},{"start":{"line":652,"column":17},"end":{"line":652,"column":23}}]},"80":{"loc":{"start":{"line":653,"column":12},"end":{"line":653,"column":74}},"type":"cond-expr","locations":[{"start":{"line":653,"column":49},"end":{"line":653,"column":58}},{"start":{"line":653,"column":61},"end":{"line":653,"column":74}}]},"81":{"loc":{"start":{"line":653,"column":12},"end":{"line":653,"column":46}},"type":"binary-expr","locations":[{"start":{"line":653,"column":12},"end":{"line":653,"column":22}},{"start":{"line":653,"column":26},"end":{"line":653,"column":46}}]},"82":{"loc":{"start":{"line":653,"column":12},"end":{"line":653,"column":22}},"type":"cond-expr","locations":[{"start":{"line":653,"column":16},"end":{"line":653,"column":18}},{"start":{"line":653,"column":12},"end":{"line":653,"column":22}}]},"83":{"loc":{"start":{"line":653,"column":12},"end":{"line":653,"column":18}},"type":"binary-expr","locations":[{"start":{"line":653,"column":12},"end":{"line":653,"column":18}},{"start":{"line":653,"column":12},"end":{"line":653,"column":18}}]},"84":{"loc":{"start":{"line":654,"column":9},"end":{"line":654,"column":21}},"type":"cond-expr","locations":[{"start":{"line":654,"column":13},"end":{"line":654,"column":15}},{"start":{"line":654,"column":9},"end":{"line":654,"column":21}}]},"85":{"loc":{"start":{"line":654,"column":9},"end":{"line":654,"column":15}},"type":"binary-expr","locations":[{"start":{"line":654,"column":9},"end":{"line":654,"column":15}},{"start":{"line":654,"column":9},"end":{"line":654,"column":15}}]},"86":{"loc":{"start":{"line":681,"column":4},"end":{"line":683,"column":null}},"type":"if","locations":[{"start":{"line":681,"column":4},"end":{"line":683,"column":null}}]},"87":{"loc":{"start":{"line":753,"column":4},"end":{"line":755,"column":null}},"type":"if","locations":[{"start":{"line":753,"column":4},"end":{"line":755,"column":null}}]},"88":{"loc":{"start":{"line":762,"column":4},"end":{"line":764,"column":null}},"type":"if","locations":[{"start":{"line":762,"column":4},"end":{"line":764,"column":null}}]},"89":{"loc":{"start":{"line":771,"column":4},"end":{"line":773,"column":null}},"type":"if","locations":[{"start":{"line":771,"column":4},"end":{"line":773,"column":null}}]},"90":{"loc":{"start":{"line":780,"column":4},"end":{"line":782,"column":null}},"type":"if","locations":[{"start":{"line":780,"column":4},"end":{"line":782,"column":null}}]},"91":{"loc":{"start":{"line":814,"column":4},"end":{"line":816,"column":null}},"type":"if","locations":[{"start":{"line":814,"column":4},"end":{"line":816,"column":null}}]},"92":{"loc":{"start":{"line":814,"column":8},"end":{"line":814,"column":30}},"type":"binary-expr","locations":[{"start":{"line":814,"column":8},"end":{"line":814,"column":15}},{"start":{"line":814,"column":19},"end":{"line":814,"column":30}}]},"93":{"loc":{"start":{"line":823,"column":12},"end":{"line":823,"column":58}},"type":"cond-expr","locations":[{"start":{"line":823,"column":38},"end":{"line":823,"column":42}},{"start":{"line":823,"column":45},"end":{"line":823,"column":58}}]},"94":{"loc":{"start":{"line":823,"column":12},"end":{"line":823,"column":35}},"type":"binary-expr","locations":[{"start":{"line":823,"column":12},"end":{"line":823,"column":16}},{"start":{"line":823,"column":20},"end":{"line":823,"column":35}}]},"95":{"loc":{"start":{"line":846,"column":4},"end":{"line":848,"column":null}},"type":"if","locations":[{"start":{"line":846,"column":4},"end":{"line":848,"column":null}}]},"96":{"loc":{"start":{"line":846,"column":8},"end":{"line":846,"column":44}},"type":"binary-expr","locations":[{"start":{"line":846,"column":8},"end":{"line":846,"column":19}},{"start":{"line":846,"column":23},"end":{"line":846,"column":44}}]},"97":{"loc":{"start":{"line":846,"column":8},"end":{"line":846,"column":19}},"type":"cond-expr","locations":[{"start":{"line":846,"column":12},"end":{"line":846,"column":14}},{"start":{"line":846,"column":8},"end":{"line":846,"column":19}}]},"98":{"loc":{"start":{"line":846,"column":8},"end":{"line":846,"column":14}},"type":"binary-expr","locations":[{"start":{"line":846,"column":8},"end":{"line":846,"column":14}},{"start":{"line":846,"column":8},"end":{"line":846,"column":14}}]},"99":{"loc":{"start":{"line":901,"column":13},"end":{"line":901,"column":28}},"type":"binary-expr","locations":[{"start":{"line":901,"column":13},"end":{"line":901,"column":23}},{"start":{"line":901,"column":27},"end":{"line":901,"column":28}}]},"100":{"loc":{"start":{"line":901,"column":13},"end":{"line":901,"column":23}},"type":"cond-expr","locations":[{"start":{"line":901,"column":17},"end":{"line":901,"column":19}},{"start":{"line":901,"column":13},"end":{"line":901,"column":23}}]},"101":{"loc":{"start":{"line":901,"column":13},"end":{"line":901,"column":19}},"type":"binary-expr","locations":[{"start":{"line":901,"column":13},"end":{"line":901,"column":19}},{"start":{"line":901,"column":13},"end":{"line":901,"column":19}}]},"102":{"loc":{"start":{"line":902,"column":17},"end":{"line":902,"column":37}},"type":"binary-expr","locations":[{"start":{"line":902,"column":17},"end":{"line":902,"column":31}},{"start":{"line":902,"column":35},"end":{"line":902,"column":37}}]},"103":{"loc":{"start":{"line":902,"column":17},"end":{"line":902,"column":31}},"type":"cond-expr","locations":[{"start":{"line":902,"column":21},"end":{"line":902,"column":23}},{"start":{"line":902,"column":17},"end":{"line":902,"column":31}}]},"104":{"loc":{"start":{"line":902,"column":17},"end":{"line":902,"column":23}},"type":"binary-expr","locations":[{"start":{"line":902,"column":17},"end":{"line":902,"column":23}},{"start":{"line":902,"column":17},"end":{"line":902,"column":23}}]},"105":{"loc":{"start":{"line":903,"column":12},"end":{"line":903,"column":74}},"type":"cond-expr","locations":[{"start":{"line":903,"column":49},"end":{"line":903,"column":58}},{"start":{"line":903,"column":61},"end":{"line":903,"column":74}}]},"106":{"loc":{"start":{"line":903,"column":12},"end":{"line":903,"column":46}},"type":"binary-expr","locations":[{"start":{"line":903,"column":12},"end":{"line":903,"column":22}},{"start":{"line":903,"column":26},"end":{"line":903,"column":46}}]},"107":{"loc":{"start":{"line":903,"column":12},"end":{"line":903,"column":22}},"type":"cond-expr","locations":[{"start":{"line":903,"column":16},"end":{"line":903,"column":18}},{"start":{"line":903,"column":12},"end":{"line":903,"column":22}}]},"108":{"loc":{"start":{"line":903,"column":12},"end":{"line":903,"column":18}},"type":"binary-expr","locations":[{"start":{"line":903,"column":12},"end":{"line":903,"column":18}},{"start":{"line":903,"column":12},"end":{"line":903,"column":18}}]},"109":{"loc":{"start":{"line":904,"column":9},"end":{"line":904,"column":21}},"type":"cond-expr","locations":[{"start":{"line":904,"column":13},"end":{"line":904,"column":15}},{"start":{"line":904,"column":9},"end":{"line":904,"column":21}}]},"110":{"loc":{"start":{"line":904,"column":9},"end":{"line":904,"column":15}},"type":"binary-expr","locations":[{"start":{"line":904,"column":9},"end":{"line":904,"column":15}},{"start":{"line":904,"column":9},"end":{"line":904,"column":15}}]},"111":{"loc":{"start":{"line":957,"column":13},"end":{"line":957,"column":28}},"type":"binary-expr","locations":[{"start":{"line":957,"column":13},"end":{"line":957,"column":23}},{"start":{"line":957,"column":27},"end":{"line":957,"column":28}}]},"112":{"loc":{"start":{"line":957,"column":13},"end":{"line":957,"column":23}},"type":"cond-expr","locations":[{"start":{"line":957,"column":17},"end":{"line":957,"column":19}},{"start":{"line":957,"column":13},"end":{"line":957,"column":23}}]},"113":{"loc":{"start":{"line":957,"column":13},"end":{"line":957,"column":19}},"type":"binary-expr","locations":[{"start":{"line":957,"column":13},"end":{"line":957,"column":19}},{"start":{"line":957,"column":13},"end":{"line":957,"column":19}}]},"114":{"loc":{"start":{"line":958,"column":17},"end":{"line":958,"column":37}},"type":"binary-expr","locations":[{"start":{"line":958,"column":17},"end":{"line":958,"column":31}},{"start":{"line":958,"column":35},"end":{"line":958,"column":37}}]},"115":{"loc":{"start":{"line":958,"column":17},"end":{"line":958,"column":31}},"type":"cond-expr","locations":[{"start":{"line":958,"column":21},"end":{"line":958,"column":23}},{"start":{"line":958,"column":17},"end":{"line":958,"column":31}}]},"116":{"loc":{"start":{"line":958,"column":17},"end":{"line":958,"column":23}},"type":"binary-expr","locations":[{"start":{"line":958,"column":17},"end":{"line":958,"column":23}},{"start":{"line":958,"column":17},"end":{"line":958,"column":23}}]},"117":{"loc":{"start":{"line":959,"column":12},"end":{"line":959,"column":74}},"type":"cond-expr","locations":[{"start":{"line":959,"column":49},"end":{"line":959,"column":58}},{"start":{"line":959,"column":61},"end":{"line":959,"column":74}}]},"118":{"loc":{"start":{"line":959,"column":12},"end":{"line":959,"column":46}},"type":"binary-expr","locations":[{"start":{"line":959,"column":12},"end":{"line":959,"column":22}},{"start":{"line":959,"column":26},"end":{"line":959,"column":46}}]},"119":{"loc":{"start":{"line":959,"column":12},"end":{"line":959,"column":22}},"type":"cond-expr","locations":[{"start":{"line":959,"column":16},"end":{"line":959,"column":18}},{"start":{"line":959,"column":12},"end":{"line":959,"column":22}}]},"120":{"loc":{"start":{"line":959,"column":12},"end":{"line":959,"column":18}},"type":"binary-expr","locations":[{"start":{"line":959,"column":12},"end":{"line":959,"column":18}},{"start":{"line":959,"column":12},"end":{"line":959,"column":18}}]},"121":{"loc":{"start":{"line":960,"column":9},"end":{"line":960,"column":21}},"type":"cond-expr","locations":[{"start":{"line":960,"column":13},"end":{"line":960,"column":15}},{"start":{"line":960,"column":9},"end":{"line":960,"column":21}}]},"122":{"loc":{"start":{"line":960,"column":9},"end":{"line":960,"column":15}},"type":"binary-expr","locations":[{"start":{"line":960,"column":9},"end":{"line":960,"column":15}},{"start":{"line":960,"column":9},"end":{"line":960,"column":15}}]},"123":{"loc":{"start":{"line":1071,"column":4},"end":{"line":1073,"column":null}},"type":"if","locations":[{"start":{"line":1071,"column":4},"end":{"line":1073,"column":null}}]},"124":{"loc":{"start":{"line":1081,"column":4},"end":{"line":1083,"column":null}},"type":"if","locations":[{"start":{"line":1081,"column":4},"end":{"line":1083,"column":null}}]},"125":{"loc":{"start":{"line":1084,"column":4},"end":{"line":1086,"column":null}},"type":"if","locations":[{"start":{"line":1084,"column":4},"end":{"line":1086,"column":null}}]},"126":{"loc":{"start":{"line":1087,"column":4},"end":{"line":1089,"column":null}},"type":"if","locations":[{"start":{"line":1087,"column":4},"end":{"line":1089,"column":null}}]},"127":{"loc":{"start":{"line":1091,"column":4},"end":{"line":1093,"column":null}},"type":"if","locations":[{"start":{"line":1091,"column":4},"end":{"line":1093,"column":null}}]},"128":{"loc":{"start":{"line":1091,"column":8},"end":{"line":1091,"column":47}},"type":"binary-expr","locations":[{"start":{"line":1091,"column":8},"end":{"line":1091,"column":20}},{"start":{"line":1091,"column":24},"end":{"line":1091,"column":47}}]},"129":{"loc":{"start":{"line":1095,"column":4},"end":{"line":1097,"column":null}},"type":"if","locations":[{"start":{"line":1095,"column":4},"end":{"line":1097,"column":null}}]}},"s":{"0":2,"1":2,"2":2,"3":2,"4":14,"5":14,"6":14,"7":0,"8":0,"9":0,"10":14,"11":0,"12":16,"13":16,"14":16,"15":16,"16":16,"17":14,"18":14,"19":1,"20":14,"21":0,"22":14,"23":0,"24":14,"25":0,"26":0,"27":0,"28":0,"29":0,"30":0,"31":0,"32":0,"33":0,"34":0,"35":0,"36":0,"37":0,"38":0,"39":0,"40":0,"41":0,"42":0,"43":0,"44":0,"45":0,"46":0,"47":0,"48":0,"49":0,"50":0,"51":0,"52":0,"53":0,"54":0,"55":0,"56":0,"57":0,"58":0,"59":0,"60":0,"61":0,"62":0,"63":0,"64":0,"65":0,"66":0,"67":0,"68":0,"69":0,"70":0,"71":0,"72":0,"73":0,"74":0,"75":0,"76":0,"77":0,"78":0,"79":0,"80":0,"81":0,"82":0,"83":0,"84":0,"85":5,"86":5,"87":3,"88":0,"89":0,"90":0,"91":0,"92":0,"93":1,"94":1,"95":1,"96":0,"97":0,"98":0,"99":0,"100":0,"101":0,"102":1,"103":1,"104":1,"105":1,"106":1,"107":1,"108":0,"109":0,"110":0,"111":0,"112":0,"113":0,"114":4,"115":4,"116":4,"117":0,"118":0,"119":0,"120":0,"121":0,"122":0,"123":0,"124":0,"125":0,"126":0,"127":0,"128":0,"129":0,"130":0,"131":0,"132":0,"133":0,"134":0,"135":0,"136":0,"137":0,"138":0,"139":0,"140":0,"141":0,"142":0,"143":0,"144":0,"145":0,"146":0,"147":0,"148":0,"149":0,"150":0,"151":0,"152":0,"153":0,"154":0,"155":0,"156":0,"157":0,"158":0,"159":0,"160":0,"161":0,"162":0,"163":0,"164":0,"165":0,"166":0,"167":0,"168":0,"169":0,"170":0,"171":0,"172":0,"173":0,"174":0,"175":0,"176":0,"177":0,"178":0,"179":0,"180":0,"181":0,"182":0,"183":0,"184":0,"185":0,"186":0,"187":0,"188":0,"189":0,"190":0,"191":0,"192":0,"193":0,"194":0,"195":0,"196":0,"197":0,"198":0,"199":0,"200":0,"201":0,"202":0,"203":0,"204":0,"205":0,"206":0,"207":0,"208":0,"209":0,"210":0,"211":0,"212":0,"213":0,"214":0,"215":0,"216":0,"217":0,"218":0,"219":0,"220":0,"221":0,"222":0,"223":0,"224":0,"225":0,"226":0,"227":0,"228":0,"229":0,"230":0,"231":0,"232":0,"233":0,"234":0,"235":0,"236":0,"237":0,"238":0,"239":0,"240":0,"241":0,"242":0,"243":0,"244":0,"245":0,"246":0,"247":0,"248":0,"249":0,"250":0,"251":0,"252":0,"253":0,"254":0,"255":0,"256":0,"257":0,"258":0,"259":0,"260":0,"261":0,"262":0,"263":0,"264":0,"265":0,"266":0,"267":0,"268":0,"269":0,"270":0,"271":0,"272":0,"273":0,"274":0,"275":0,"276":0,"277":0,"278":0,"279":0,"280":0,"281":0,"282":0,"283":0,"284":0,"285":0,"286":0,"287":0,"288":0,"289":0,"290":2,"291":2,"292":2,"293":0,"294":0,"295":0,"296":0,"297":0,"298":0,"299":0,"300":0,"301":0,"302":0,"303":0,"304":0,"305":0,"306":0,"307":0,"308":0,"309":0,"310":0,"311":0,"312":0,"313":0,"314":0,"315":0,"316":0,"317":0,"318":0,"319":0,"320":0,"321":0,"322":0,"323":0,"324":0,"325":0,"326":0,"327":0,"328":0,"329":0,"330":0,"331":0,"332":0,"333":0,"334":0,"335":0,"336":0,"337":0,"338":0,"339":0,"340":0,"341":0,"342":0,"343":0,"344":0,"345":0,"346":0,"347":0,"348":0,"349":0,"350":0,"351":0,"352":0,"353":0,"354":0,"355":0,"356":0,"357":0,"358":0,"359":0,"360":0,"361":0,"362":0,"363":0,"364":0,"365":0,"366":0,"367":0,"368":0,"369":0,"370":0,"371":0,"372":0,"373":0,"374":0,"375":0,"376":0,"377":0,"378":0,"379":0,"380":0,"381":0,"382":0,"383":0,"384":0,"385":0,"386":0,"387":0,"388":0,"389":0,"390":0,"391":0,"392":0,"393":0,"394":0,"395":0,"396":0,"397":0,"398":0,"399":0,"400":0,"401":0,"402":0,"403":0,"404":0,"405":0,"406":0,"407":0,"408":0,"409":0,"410":0,"411":0,"412":0,"413":0,"414":0,"415":0,"416":0,"417":0,"418":0,"419":0,"420":0,"421":0,"422":0,"423":0,"424":0,"425":0,"426":0,"427":0,"428":0,"429":0,"430":0,"431":0,"432":0,"433":0,"434":0,"435":0,"436":0,"437":0,"438":0,"439":0,"440":0,"441":0,"442":0,"443":0,"444":0,"445":0,"446":0,"447":0,"448":0,"449":0,"450":0,"451":0,"452":0,"453":0,"454":0,"455":0,"456":0,"457":0,"458":0,"459":0,"460":0,"461":0,"462":0,"463":0,"464":0,"465":0,"466":0,"467":0,"468":0,"469":0,"470":0,"471":0,"472":0,"473":0,"474":0,"475":0,"476":0,"477":0,"478":0,"479":0,"480":0,"481":0,"482":0,"483":0,"484":0,"485":0,"486":0,"487":0,"488":0,"489":0,"490":0,"491":0,"492":0,"493":0,"494":0,"495":0,"496":0,"497":0,"498":0,"499":0,"500":0,"501":0,"502":0,"503":0,"504":0,"505":0,"506":0,"507":0,"508":0,"509":0,"510":0,"511":0,"512":0,"513":0,"514":0,"515":0,"516":0,"517":0,"518":0,"519":0,"520":0,"521":0,"522":0,"523":0,"524":0,"525":0,"526":0,"527":0,"528":0,"529":0,"530":0,"531":0,"532":0,"533":0,"534":0,"535":2},"f":{"0":14,"1":0,"2":16,"3":14,"4":0,"5":0,"6":0,"7":0,"8":0,"9":0,"10":0,"11":5,"12":0,"13":0,"14":1,"15":0,"16":0,"17":1,"18":1,"19":0,"20":0,"21":4,"22":0,"23":0,"24":0,"25":0,"26":0,"27":0,"28":0,"29":0,"30":0,"31":0,"32":0,"33":0,"34":0,"35":0,"36":0,"37":0,"38":0,"39":0,"40":0,"41":0,"42":0,"43":0,"44":0,"45":0,"46":0,"47":0,"48":0,"49":0,"50":0,"51":0,"52":0,"53":0,"54":0,"55":0,"56":0,"57":0,"58":0,"59":0,"60":0,"61":0,"62":0,"63":0,"64":0,"65":0,"66":0,"67":0,"68":2,"69":0,"70":0,"71":0,"72":0,"73":0,"74":0,"75":0,"76":0,"77":0,"78":0,"79":0,"80":0,"81":0,"82":0,"83":0,"84":0,"85":0,"86":0,"87":0,"88":0,"89":0,"90":0,"91":0,"92":0,"93":0,"94":0,"95":0,"96":0,"97":0,"98":0,"99":0,"100":0,"101":0,"102":0,"103":0,"104":0,"105":0,"106":0,"107":0,"108":0,"109":0,"110":0,"111":0,"112":0,"113":0,"114":0,"115":0,"116":0,"117":0,"118":0,"119":0,"120":0,"121":0,"122":0,"123":0,"124":0,"125":0,"126":0,"127":0,"128":0,"129":0,"130":0,"131":0,"132":0,"133":0,"134":0,"135":0,"136":0,"137":0,"138":0,"139":0},"b":{"0":[14,0],"1":[0,0],"2":[0,0],"3":[0,0],"4":[1],"5":[0],"6":[0],"7":[0],"8":[0],"9":[0],"10":[0],"11":[0],"12":[0],"13":[0],"14":[0],"15":[0],"16":[0],"17":[0],"18":[0],"19":[0],"20":[0],"21":[0],"22":[0],"23":[0],"24":[0],"25":[0],"26":[0],"27":[0],"28":[0],"29":[0],"30":[0],"31":[0],"32":[0],"33":[0],"34":[0],"35":[0],"36":[0],"37":[0],"38":[0],"39":[0,0],"40":[0],"41":[0],"42":[0,0],"43":[0],"44":[0,0],"45":[0],"46":[0,0],"47":[0],"48":[0,0],"49":[0,0],"50":[0,0],"51":[0,0],"52":[0,0],"53":[0,0],"54":[0,0],"55":[0,0],"56":[0,0],"57":[0,0],"58":[0,0],"59":[0,0],"60":[0,0],"61":[0,0],"62":[0,0],"63":[0,0],"64":[0,0],"65":[0,0],"66":[0,0],"67":[0,0],"68":[0,0],"69":[0,0],"70":[0,0],"71":[0,0],"72":[0,0],"73":[0],"74":[0,0],"75":[0,0],"76":[0,0],"77":[0,0],"78":[0,0],"79":[0,0],"80":[0,0],"81":[0,0],"82":[0,0],"83":[0,0],"84":[0,0],"85":[0,0],"86":[0],"87":[0],"88":[0],"89":[0],"90":[0],"91":[0],"92":[0,0],"93":[0,0],"94":[0,0],"95":[0],"96":[0,0],"97":[0,0],"98":[0,0],"99":[0,0],"100":[0,0],"101":[0,0],"102":[0,0],"103":[0,0],"104":[0,0],"105":[0,0],"106":[0,0],"107":[0,0],"108":[0,0],"109":[0,0],"110":[0,0],"111":[0,0],"112":[0,0],"113":[0,0],"114":[0,0],"115":[0,0],"116":[0,0],"117":[0,0],"118":[0,0],"119":[0,0],"120":[0,0],"121":[0,0],"122":[0,0],"123":[0],"124":[0],"125":[0],"126":[0],"127":[0],"128":[0,0],"129":[0]}}
,"/home/fjbarrena/Projects/kyso/libs/kyso-store/src/helpers/logger-helper.ts": {"path":"/home/fjbarrena/Projects/kyso/libs/kyso-store/src/helpers/logger-helper.ts","statementMap":{"0":{"start":{"line":3,"column":34},"end":{"line":5,"column":1}},"1":{"start":{"line":4,"column":2},"end":{"line":4,"column":67}},"2":{"start":{"line":3,"column":13},"end":{"line":3,"column":34}},"3":{"start":{"line":7,"column":23},"end":{"line":11,"column":1}},"4":{"start":{"line":8,"column":2},"end":{"line":10,"column":null}},"5":{"start":{"line":9,"column":4},"end":{"line":9,"column":25}},"6":{"start":{"line":7,"column":13},"end":{"line":7,"column":23}}},"fnMap":{"0":{"name":"(anonymous_0)","decl":{"start":{"line":3,"column":34},"end":{"line":3,"column":35}},"loc":{"start":{"line":3,"column":62},"end":{"line":5,"column":1}}},"1":{"name":"(anonymous_1)","decl":{"start":{"line":7,"column":23},"end":{"line":7,"column":24}},"loc":{"start":{"line":7,"column":49},"end":{"line":11,"column":1}}}},"branchMap":{"0":{"loc":{"start":{"line":4,"column":12},"end":{"line":4,"column":64}},"type":"cond-expr","locations":[{"start":{"line":4,"column":25},"end":{"line":4,"column":42}},{"start":{"line":4,"column":45},"end":{"line":4,"column":64}}]},"1":{"loc":{"start":{"line":8,"column":2},"end":{"line":10,"column":null}},"type":"if","locations":[{"start":{"line":8,"column":2},"end":{"line":10,"column":null}}]}},"s":{"0":2,"1":0,"2":2,"3":2,"4":14,"5":0,"6":2},"f":{"0":0,"1":14},"b":{"0":[0,0],"1":[0]}}
,"/home/fjbarrena/Projects/kyso/libs/kyso-store/test/test.constants.ts": {"path":"/home/fjbarrena/Projects/kyso/libs/kyso-store/test/test.constants.ts","statementMap":{"0":{"start":{"line":1,"column":13},"end":{"line":1,"column":53}},"1":{"start":{"line":8,"column":13},"end":{"line":8,"column":75}},"2":{"start":{"line":9,"column":13},"end":{"line":9,"column":null}}},"fnMap":{},"branchMap":{},"s":{"0":2,"1":2,"2":2},"f":{},"b":{}}
}
