TN:
SF:src/api.ts
FN:74,(anonymous_8)
FN:70,(anonymous_9)
FN:91,(anonymous_10)
FN:103,(anonymous_11)
FN:119,(anonymous_12)
FN:123,(anonymous_13)
FN:127,(anonymous_14)
FN:131,(anonymous_15)
FN:137,(anonymous_16)
FN:180,(anonymous_18)
FN:222,(anonymous_20)
FN:263,(anonymous_22)
FN:269,(anonymous_24)
FN:274,(anonymous_26)
FN:280,(anonymous_28)
FN:286,(anonymous_30)
FN:292,(anonymous_32)
FN:298,(anonymous_34)
FN:304,(anonymous_36)
FN:310,(anonymous_38)
FN:316,(anonymous_40)
FN:322,(anonymous_42)
FN:330,(anonymous_44)
FN:339,(anonymous_46)
FN:348,(anonymous_48)
FN:354,(anonymous_50)
FN:360,(anonymous_52)
FN:366,(anonymous_54)
FN:374,(anonymous_56)
FN:398,(anonymous_58)
FN:404,(anonymous_60)
FN:410,(anonymous_62)
FN:416,(anonymous_64)
FN:424,(anonymous_66)
FN:432,(anonymous_68)
FN:464,(anonymous_70)
FN:470,(anonymous_72)
FN:476,(anonymous_74)
FN:482,(anonymous_76)
FN:490,(anonymous_78)
FN:502,(anonymous_80)
FN:508,(anonymous_82)
FN:514,(anonymous_84)
FN:520,(anonymous_86)
FN:526,(anonymous_88)
FN:534,(anonymous_90)
FN:546,(anonymous_92)
FN:552,(anonymous_94)
FN:558,(anonymous_96)
FN:564,(anonymous_98)
FN:570,(anonymous_100)
FN:576,(anonymous_102)
FN:582,(anonymous_104)
FN:588,(anonymous_106)
FN:594,(anonymous_108)
FN:600,(anonymous_110)
FN:606,(anonymous_112)
FN:612,(anonymous_114)
FN:618,(anonymous_116)
FN:626,(anonymous_118)
FN:635,(anonymous_120)
FN:643,(anonymous_122)
FN:649,(anonymous_124)
FN:661,(anonymous_126)
FN:667,(anonymous_128)
FN:673,(anonymous_130)
FN:679,(anonymous_132)
FN:688,(anonymous_134)
FN:694,(anonymous_136)
FN:700,(anonymous_138)
FN:706,(anonymous_140)
FN:712,(anonymous_142)
FN:718,(anonymous_144)
FN:731,(anonymous_146)
FN:741,(anonymous_148)
FN:751,(anonymous_150)
FN:760,(anonymous_152)
FN:769,(anonymous_154)
FN:778,(anonymous_156)
FN:787,(anonymous_158)
FN:793,(anonymous_160)
FN:806,(anonymous_162)
FN:812,(anonymous_164)
FN:821,(anonymous_166)
FN:830,(anonymous_168)
FN:836,(anonymous_170)
FN:844,(anonymous_172)
FN:853,(anonymous_174)
FN:859,(anonymous_176)
FN:865,(anonymous_178)
FN:871,(anonymous_180)
FN:877,(anonymous_182)
FN:885,(anonymous_184)
FN:891,(anonymous_186)
FN:899,(anonymous_188)
FN:911,(anonymous_190)
FN:917,(anonymous_192)
FN:923,(anonymous_194)
FN:929,(anonymous_196)
FN:935,(anonymous_198)
FN:941,(anonymous_200)
FN:947,(anonymous_202)
FN:955,(anonymous_204)
FN:967,(anonymous_206)
FN:973,(anonymous_208)
FN:979,(anonymous_210)
FN:985,(anonymous_212)
FN:991,(anonymous_214)
FN:997,(anonymous_216)
FN:1003,(anonymous_218)
FN:1009,(anonymous_220)
FN:1015,(anonymous_222)
FN:1021,(anonymous_224)
FN:1027,(anonymous_226)
FN:1033,(anonymous_228)
FN:1039,(anonymous_230)
FN:1045,(anonymous_232)
FN:1051,(anonymous_234)
FN:1057,(anonymous_236)
FN:1063,(anonymous_238)
FN:1069,(anonymous_240)
FN:1080,(anonymous_242)
FN:1092,(anonymous_244)
FN:1092,(anonymous_245)
FN:1102,(anonymous_246)
FN:1108,(anonymous_248)
FN:1114,(anonymous_250)
FN:1120,(anonymous_252)
FN:1126,(anonymous_254)
FN:1132,(anonymous_256)
FN:1138,(anonymous_258)
FN:1144,(anonymous_260)
FN:1152,(anonymous_262)
FN:1158,(anonymous_264)
FN:1164,(anonymous_266)
FN:1170,(anonymous_268)
FN:1176,(anonymous_270)
FN:1182,(anonymous_272)
FN:1188,(anonymous_274)
FN:1194,(anonymous_276)
FNF:140
FNH:9
FNDA:14,(anonymous_8)
FNDA:0,(anonymous_9)
FNDA:16,(anonymous_10)
FNDA:14,(anonymous_11)
FNDA:0,(anonymous_12)
FNDA:0,(anonymous_13)
FNDA:0,(anonymous_14)
FNDA:0,(anonymous_15)
FNDA:0,(anonymous_16)
FNDA:0,(anonymous_18)
FNDA:0,(anonymous_20)
FNDA:5,(anonymous_22)
FNDA:0,(anonymous_24)
FNDA:0,(anonymous_26)
FNDA:1,(anonymous_28)
FNDA:0,(anonymous_30)
FNDA:0,(anonymous_32)
FNDA:1,(anonymous_34)
FNDA:1,(anonymous_36)
FNDA:0,(anonymous_38)
FNDA:0,(anonymous_40)
FNDA:4,(anonymous_42)
FNDA:0,(anonymous_44)
FNDA:0,(anonymous_46)
FNDA:0,(anonymous_48)
FNDA:0,(anonymous_50)
FNDA:0,(anonymous_52)
FNDA:0,(anonymous_54)
FNDA:0,(anonymous_56)
FNDA:0,(anonymous_58)
FNDA:0,(anonymous_60)
FNDA:0,(anonymous_62)
FNDA:0,(anonymous_64)
FNDA:0,(anonymous_66)
FNDA:0,(anonymous_68)
FNDA:0,(anonymous_70)
FNDA:0,(anonymous_72)
FNDA:0,(anonymous_74)
FNDA:0,(anonymous_76)
FNDA:0,(anonymous_78)
FNDA:0,(anonymous_80)
FNDA:0,(anonymous_82)
FNDA:0,(anonymous_84)
FNDA:0,(anonymous_86)
FNDA:0,(anonymous_88)
FNDA:0,(anonymous_90)
FNDA:0,(anonymous_92)
FNDA:0,(anonymous_94)
FNDA:0,(anonymous_96)
FNDA:0,(anonymous_98)
FNDA:0,(anonymous_100)
FNDA:0,(anonymous_102)
FNDA:0,(anonymous_104)
FNDA:0,(anonymous_106)
FNDA:0,(anonymous_108)
FNDA:0,(anonymous_110)
FNDA:0,(anonymous_112)
FNDA:0,(anonymous_114)
FNDA:0,(anonymous_116)
FNDA:0,(anonymous_118)
FNDA:0,(anonymous_120)
FNDA:0,(anonymous_122)
FNDA:0,(anonymous_124)
FNDA:0,(anonymous_126)
FNDA:0,(anonymous_128)
FNDA:0,(anonymous_130)
FNDA:0,(anonymous_132)
FNDA:0,(anonymous_134)
FNDA:2,(anonymous_136)
FNDA:0,(anonymous_138)
FNDA:0,(anonymous_140)
FNDA:0,(anonymous_142)
FNDA:0,(anonymous_144)
FNDA:0,(anonymous_146)
FNDA:0,(anonymous_148)
FNDA:0,(anonymous_150)
FNDA:0,(anonymous_152)
FNDA:0,(anonymous_154)
FNDA:0,(anonymous_156)
FNDA:0,(anonymous_158)
FNDA:0,(anonymous_160)
FNDA:0,(anonymous_162)
FNDA:0,(anonymous_164)
FNDA:0,(anonymous_166)
FNDA:0,(anonymous_168)
FNDA:0,(anonymous_170)
FNDA:0,(anonymous_172)
FNDA:0,(anonymous_174)
FNDA:0,(anonymous_176)
FNDA:0,(anonymous_178)
FNDA:0,(anonymous_180)
FNDA:0,(anonymous_182)
FNDA:0,(anonymous_184)
FNDA:0,(anonymous_186)
FNDA:0,(anonymous_188)
FNDA:0,(anonymous_190)
FNDA:0,(anonymous_192)
FNDA:0,(anonymous_194)
FNDA:0,(anonymous_196)
FNDA:0,(anonymous_198)
FNDA:0,(anonymous_200)
FNDA:0,(anonymous_202)
FNDA:0,(anonymous_204)
FNDA:0,(anonymous_206)
FNDA:0,(anonymous_208)
FNDA:0,(anonymous_210)
FNDA:0,(anonymous_212)
FNDA:0,(anonymous_214)
FNDA:0,(anonymous_216)
FNDA:0,(anonymous_218)
FNDA:0,(anonymous_220)
FNDA:0,(anonymous_222)
FNDA:0,(anonymous_224)
FNDA:0,(anonymous_226)
FNDA:0,(anonymous_228)
FNDA:0,(anonymous_230)
FNDA:0,(anonymous_232)
FNDA:0,(anonymous_234)
FNDA:0,(anonymous_236)
FNDA:0,(anonymous_238)
FNDA:0,(anonymous_240)
FNDA:0,(anonymous_242)
FNDA:0,(anonymous_244)
FNDA:0,(anonymous_245)
FNDA:0,(anonymous_246)
FNDA:0,(anonymous_248)
FNDA:0,(anonymous_250)
FNDA:0,(anonymous_252)
FNDA:0,(anonymous_254)
FNDA:0,(anonymous_256)
FNDA:0,(anonymous_258)
FNDA:0,(anonymous_260)
FNDA:0,(anonymous_262)
FNDA:0,(anonymous_264)
FNDA:0,(anonymous_266)
FNDA:0,(anonymous_268)
FNDA:0,(anonymous_270)
FNDA:0,(anonymous_272)
FNDA:0,(anonymous_274)
FNDA:0,(anonymous_276)
DA:58,2
DA:59,2
DA:60,2
DA:62,2
DA:64,2
DA:71,0
DA:77,14
DA:79,14
DA:80,14
DA:81,0
DA:82,0
DA:84,0
DA:87,14
DA:92,16
DA:99,16
DA:100,16
DA:101,16
DA:103,16
DA:104,14
DA:106,14
DA:107,1
DA:109,14
DA:110,0
DA:112,14
DA:113,0
DA:115,14
DA:120,0
DA:124,0
DA:128,0
DA:148,0
DA:149,0
DA:150,0
DA:152,0
DA:153,0
DA:155,0
DA:156,0
DA:158,0
DA:159,0
DA:161,0
DA:162,0
DA:164,0
DA:165,0
DA:167,0
DA:168,0
DA:170,0
DA:171,0
DA:173,0
DA:174,0
DA:176,0
DA:177,0
DA:193,0
DA:194,0
DA:195,0
DA:197,0
DA:198,0
DA:200,0
DA:201,0
DA:203,0
DA:204,0
DA:206,0
DA:207,0
DA:209,0
DA:210,0
DA:212,0
DA:213,0
DA:215,0
DA:216,0
DA:218,0
DA:219,0
DA:235,0
DA:236,0
DA:237,0
DA:239,0
DA:240,0
DA:242,0
DA:243,0
DA:245,0
DA:246,0
DA:248,0
DA:249,0
DA:251,0
DA:252,0
DA:254,0
DA:255,0
DA:257,0
DA:258,0
DA:264,5
DA:265,5
DA:266,3
DA:270,0
DA:271,0
DA:275,0
DA:276,0
DA:277,0
DA:281,1
DA:282,1
DA:283,1
DA:287,0
DA:288,0
DA:289,0
DA:293,0
DA:294,0
DA:295,0
DA:299,1
DA:300,1
DA:301,1
DA:305,1
DA:306,1
DA:307,1
DA:311,0
DA:312,0
DA:313,0
DA:317,0
DA:318,0
DA:319,0
DA:323,4
DA:324,4
DA:325,4
DA:331,0
DA:332,0
DA:333,0
DA:335,0
DA:336,0
DA:340,0
DA:341,0
DA:342,0
DA:344,0
DA:345,0
DA:349,0
DA:350,0
DA:351,0
DA:355,0
DA:356,0
DA:357,0
DA:361,0
DA:362,0
DA:363,0
DA:367,0
DA:368,0
DA:369,0
DA:375,0
DA:376,0
DA:377,0
DA:379,0
DA:380,0
DA:382,0
DA:383,0
DA:385,0
DA:386,0
DA:388,0
DA:389,0
DA:391,0
DA:392,0
DA:394,0
DA:395,0
DA:399,0
DA:400,0
DA:401,0
DA:405,0
DA:406,0
DA:407,0
DA:411,0
DA:412,0
DA:413,0
DA:417,0
DA:418,0
DA:419,0
DA:425,0
DA:426,0
DA:427,0
DA:442,0
DA:443,0
DA:444,0
DA:446,0
DA:447,0
DA:449,0
DA:450,0
DA:452,0
DA:453,0
DA:455,0
DA:456,0
DA:458,0
DA:459,0
DA:465,0
DA:466,0
DA:467,0
DA:471,0
DA:472,0
DA:473,0
DA:477,0
DA:478,0
DA:479,0
DA:483,0
DA:484,0
DA:485,0
DA:491,0
DA:497,0
DA:498,0
DA:499,0
DA:503,0
DA:504,0
DA:505,0
DA:509,0
DA:510,0
DA:511,0
DA:515,0
DA:516,0
DA:517,0
DA:521,0
DA:522,0
DA:523,0
DA:527,0
DA:528,0
DA:529,0
DA:535,0
DA:541,0
DA:542,0
DA:543,0
DA:547,0
DA:548,0
DA:549,0
DA:553,0
DA:554,0
DA:555,0
DA:559,0
DA:560,0
DA:561,0
DA:565,0
DA:566,0
DA:567,0
DA:571,0
DA:572,0
DA:573,0
DA:577,0
DA:578,0
DA:579,0
DA:583,0
DA:584,0
DA:585,0
DA:589,0
DA:590,0
DA:591,0
DA:595,0
DA:596,0
DA:597,0
DA:601,0
DA:602,0
DA:603,0
DA:607,0
DA:608,0
DA:609,0
DA:613,0
DA:614,0
DA:615,0
DA:619,0
DA:620,0
DA:621,0
DA:622,0
DA:623,0
DA:627,0
DA:628,0
DA:629,0
DA:631,0
DA:632,0
DA:636,0
DA:637,0
DA:638,0
DA:644,0
DA:645,0
DA:646,0
DA:650,0
DA:656,0
DA:657,0
DA:658,0
DA:662,0
DA:663,0
DA:664,0
DA:668,0
DA:669,0
DA:670,0
DA:674,0
DA:675,0
DA:676,0
DA:680,0
DA:681,0
DA:682,0
DA:684,0
DA:685,0
DA:689,0
DA:690,0
DA:691,0
DA:695,2
DA:696,2
DA:697,2
DA:701,0
DA:702,0
DA:703,0
DA:707,0
DA:708,0
DA:709,0
DA:713,0
DA:714,0
DA:715,0
DA:719,0
DA:720,0
DA:722,0
DA:728,0
DA:732,0
DA:733,0
DA:738,0
DA:742,0
DA:743,0
DA:748,0
DA:752,0
DA:753,0
DA:754,0
DA:756,0
DA:757,0
DA:761,0
DA:762,0
DA:763,0
DA:765,0
DA:766,0
DA:770,0
DA:771,0
DA:772,0
DA:774,0
DA:775,0
DA:779,0
DA:780,0
DA:781,0
DA:783,0
DA:784,0
DA:788,0
DA:789,0
DA:790,0
DA:794,0
DA:795,0
DA:796,0
DA:797,0
DA:803,0
DA:807,0
DA:808,0
DA:809,0
DA:813,0
DA:814,0
DA:815,0
DA:817,0
DA:818,0
DA:822,0
DA:825,0
DA:826,0
DA:827,0
DA:831,0
DA:832,0
DA:833,0
DA:837,0
DA:838,0
DA:839,0
DA:845,0
DA:846,0
DA:847,0
DA:849,0
DA:850,0
DA:854,0
DA:855,0
DA:856,0
DA:860,0
DA:861,0
DA:862,0
DA:866,0
DA:867,0
DA:868,0
DA:872,0
DA:873,0
DA:874,0
DA:878,0
DA:879,0
DA:880,0
DA:886,0
DA:887,0
DA:888,0
DA:892,0
DA:893,0
DA:894,0
DA:900,0
DA:906,0
DA:907,0
DA:908,0
DA:912,0
DA:913,0
DA:914,0
DA:918,0
DA:919,0
DA:920,0
DA:924,0
DA:925,0
DA:926,0
DA:930,0
DA:931,0
DA:932,0
DA:936,0
DA:937,0
DA:938,0
DA:942,0
DA:943,0
DA:944,0
DA:948,0
DA:949,0
DA:950,0
DA:956,0
DA:962,0
DA:963,0
DA:964,0
DA:968,0
DA:969,0
DA:970,0
DA:974,0
DA:975,0
DA:976,0
DA:980,0
DA:981,0
DA:982,0
DA:986,0
DA:987,0
DA:988,0
DA:992,0
DA:993,0
DA:994,0
DA:998,0
DA:999,0
DA:1000,0
DA:1004,0
DA:1005,0
DA:1006,0
DA:1010,0
DA:1011,0
DA:1012,0
DA:1016,0
DA:1017,0
DA:1018,0
DA:1022,0
DA:1023,0
DA:1024,0
DA:1028,0
DA:1029,0
DA:1030,0
DA:1034,0
DA:1035,0
DA:1036,0
DA:1040,0
DA:1041,0
DA:1042,0
DA:1046,0
DA:1047,0
DA:1048,0
DA:1052,0
DA:1053,0
DA:1054,0
DA:1058,0
DA:1059,0
DA:1060,0
DA:1064,0
DA:1065,0
DA:1066,0
DA:1070,0
DA:1071,0
DA:1072,0
DA:1074,0
DA:1075,0
DA:1081,0
DA:1082,0
DA:1084,0
DA:1085,0
DA:1087,0
DA:1088,0
DA:1090,0
DA:1091,0
DA:1092,0
DA:1094,0
DA:1095,0
DA:1096,0
DA:1098,0
DA:1099,0
DA:1103,0
DA:1104,0
DA:1105,0
DA:1109,0
DA:1110,0
DA:1111,0
DA:1115,0
DA:1116,0
DA:1117,0
DA:1121,0
DA:1122,0
DA:1123,0
DA:1127,0
DA:1128,0
DA:1129,0
DA:1133,0
DA:1134,0
DA:1135,0
DA:1139,0
DA:1140,0
DA:1141,0
DA:1145,0
DA:1146,0
DA:1147,0
DA:1148,0
DA:1149,0
DA:1153,0
DA:1154,0
DA:1155,0
DA:1159,0
DA:1160,0
DA:1161,0
DA:1165,0
DA:1166,0
DA:1167,0
DA:1171,0
DA:1172,0
DA:1173,0
DA:1177,0
DA:1178,0
DA:1179,0
DA:1183,0
DA:1184,0
DA:1185,0
DA:1189,0
DA:1190,0
DA:1191,0
DA:1195,0
DA:1196,0
DA:1197,0
LF:534
LH:38
BRDA:79,0,0,14
BRDA:79,0,1,0
BRDA:81,1,0,0
BRDA:81,1,1,0
BRDA:71,2,0,0
BRDA:71,2,1,0
BRDA:71,3,0,0
BRDA:71,3,1,0
BRDA:106,4,0,1
BRDA:109,5,0,0
BRDA:112,6,0,0
BRDA:149,7,0,0
BRDA:152,8,0,0
BRDA:155,9,0,0
BRDA:158,10,0,0
BRDA:161,11,0,0
BRDA:164,12,0,0
BRDA:167,13,0,0
BRDA:170,14,0,0
BRDA:173,15,0,0
BRDA:194,16,0,0
BRDA:197,17,0,0
BRDA:200,18,0,0
BRDA:203,19,0,0
BRDA:206,20,0,0
BRDA:209,21,0,0
BRDA:212,22,0,0
BRDA:215,23,0,0
BRDA:236,24,0,0
BRDA:239,25,0,0
BRDA:242,26,0,0
BRDA:245,27,0,0
BRDA:248,28,0,0
BRDA:251,29,0,0
BRDA:254,30,0,0
BRDA:332,31,0,0
BRDA:341,32,0,0
BRDA:376,33,0,0
BRDA:379,34,0,0
BRDA:382,35,0,0
BRDA:385,36,0,0
BRDA:388,37,0,0
BRDA:391,38,0,0
BRDA:391,39,0,0
BRDA:391,39,1,0
BRDA:443,40,0,0
BRDA:446,41,0,0
BRDA:446,42,0,0
BRDA:446,42,1,0
BRDA:449,43,0,0
BRDA:449,44,0,0
BRDA:449,44,1,0
BRDA:452,45,0,0
BRDA:452,46,0,0
BRDA:452,46,1,0
BRDA:455,47,0,0
BRDA:455,48,0,0
BRDA:455,48,1,0
BRDA:492,49,0,0
BRDA:492,49,1,0
BRDA:492,50,0,0
BRDA:492,50,1,0
BRDA:492,51,0,0
BRDA:492,51,1,0
BRDA:493,52,0,0
BRDA:493,52,1,0
BRDA:493,53,0,0
BRDA:493,53,1,0
BRDA:493,54,0,0
BRDA:493,54,1,0
BRDA:494,55,0,0
BRDA:494,55,1,0
BRDA:494,56,0,0
BRDA:494,56,1,0
BRDA:494,57,0,0
BRDA:494,57,1,0
BRDA:494,58,0,0
BRDA:494,58,1,0
BRDA:495,59,0,0
BRDA:495,59,1,0
BRDA:495,60,0,0
BRDA:495,60,1,0
BRDA:536,61,0,0
BRDA:536,61,1,0
BRDA:536,62,0,0
BRDA:536,62,1,0
BRDA:536,63,0,0
BRDA:536,63,1,0
BRDA:537,64,0,0
BRDA:537,64,1,0
BRDA:537,65,0,0
BRDA:537,65,1,0
BRDA:537,66,0,0
BRDA:537,66,1,0
BRDA:538,67,0,0
BRDA:538,67,1,0
BRDA:538,68,0,0
BRDA:538,68,1,0
BRDA:538,69,0,0
BRDA:538,69,1,0
BRDA:538,70,0,0
BRDA:538,70,1,0
BRDA:539,71,0,0
BRDA:539,71,1,0
BRDA:539,72,0,0
BRDA:539,72,1,0
BRDA:628,73,0,0
BRDA:651,74,0,0
BRDA:651,74,1,0
BRDA:651,75,0,0
BRDA:651,75,1,0
BRDA:651,76,0,0
BRDA:651,76,1,0
BRDA:652,77,0,0
BRDA:652,77,1,0
BRDA:652,78,0,0
BRDA:652,78,1,0
BRDA:652,79,0,0
BRDA:652,79,1,0
BRDA:653,80,0,0
BRDA:653,80,1,0
BRDA:653,81,0,0
BRDA:653,81,1,0
BRDA:653,82,0,0
BRDA:653,82,1,0
BRDA:653,83,0,0
BRDA:653,83,1,0
BRDA:654,84,0,0
BRDA:654,84,1,0
BRDA:654,85,0,0
BRDA:654,85,1,0
BRDA:681,86,0,0
BRDA:753,87,0,0
BRDA:762,88,0,0
BRDA:771,89,0,0
BRDA:780,90,0,0
BRDA:814,91,0,0
BRDA:814,92,0,0
BRDA:814,92,1,0
BRDA:823,93,0,0
BRDA:823,93,1,0
BRDA:823,94,0,0
BRDA:823,94,1,0
BRDA:846,95,0,0
BRDA:846,96,0,0
BRDA:846,96,1,0
BRDA:846,97,0,0
BRDA:846,97,1,0
BRDA:846,98,0,0
BRDA:846,98,1,0
BRDA:901,99,0,0
BRDA:901,99,1,0
BRDA:901,100,0,0
BRDA:901,100,1,0
BRDA:901,101,0,0
BRDA:901,101,1,0
BRDA:902,102,0,0
BRDA:902,102,1,0
BRDA:902,103,0,0
BRDA:902,103,1,0
BRDA:902,104,0,0
BRDA:902,104,1,0
BRDA:903,105,0,0
BRDA:903,105,1,0
BRDA:903,106,0,0
BRDA:903,106,1,0
BRDA:903,107,0,0
BRDA:903,107,1,0
BRDA:903,108,0,0
BRDA:903,108,1,0
BRDA:904,109,0,0
BRDA:904,109,1,0
BRDA:904,110,0,0
BRDA:904,110,1,0
BRDA:957,111,0,0
BRDA:957,111,1,0
BRDA:957,112,0,0
BRDA:957,112,1,0
BRDA:957,113,0,0
BRDA:957,113,1,0
BRDA:958,114,0,0
BRDA:958,114,1,0
BRDA:958,115,0,0
BRDA:958,115,1,0
BRDA:958,116,0,0
BRDA:958,116,1,0
BRDA:959,117,0,0
BRDA:959,117,1,0
BRDA:959,118,0,0
BRDA:959,118,1,0
BRDA:959,119,0,0
BRDA:959,119,1,0
BRDA:959,120,0,0
BRDA:959,120,1,0
BRDA:960,121,0,0
BRDA:960,121,1,0
BRDA:960,122,0,0
BRDA:960,122,1,0
BRDA:1071,123,0,0
BRDA:1081,124,0,0
BRDA:1084,125,0,0
BRDA:1087,126,0,0
BRDA:1091,127,0,0
BRDA:1095,128,0,0
BRF:204
BRH:2
end_of_record
TN:
SF:src/helpers/logger-helper.ts
FN:3,(anonymous_0)
FN:7,(anonymous_1)
FNF:2
FNH:1
FNDA:0,(anonymous_0)
FNDA:14,(anonymous_1)
DA:3,2
DA:4,0
DA:7,2
DA:8,14
DA:9,14
LF:5
LH:4
BRDA:4,0,0,0
BRDA:4,0,1,0
BRDA:8,1,0,14
BRF:3
BRH:1
end_of_record
TN:
SF:test/test.constants.ts
FNF:0
FNH:0
DA:1,2
DA:8,2
DA:9,2
LF:3
LH:3
BRF:0
BRH:0
end_of_record
